ARM GAS  C:\Users\PC\AppData\Local\Temp\ccUPNCkH.s 			page 1


   1              		.syntax unified
   2              		.cpu cortex-m0plus
   3              		.fpu softvfp
   4              		.eabi_attribute 20, 1
   5              		.eabi_attribute 21, 1
   6              		.eabi_attribute 23, 3
   7              		.eabi_attribute 24, 1
   8              		.eabi_attribute 25, 1
   9              		.eabi_attribute 26, 1
  10              		.eabi_attribute 30, 1
  11              		.eabi_attribute 34, 0
  12              		.eabi_attribute 18, 4
  13              		.thumb
  14              		.syntax unified
  15              		.file	"main_cm0p.c"
  16              		.text
  17              	.Ltext0:
  18              		.cfi_sections	.debug_frame
  19              		.section	.text.main,"ax",%progbits
  20              		.align	2
  21              		.global	main
  22              		.code	16
  23              		.thumb_func
  24              		.type	main, %function
  25              	main:
  26              	.LFB360:
  27              		.file 1 "main_cm0p.c"
   1:main_cm0p.c   **** /* ========================================
   2:main_cm0p.c   ****  *
   3:main_cm0p.c   ****  * Copyright YOUR COMPANY, THE YEAR
   4:main_cm0p.c   ****  * All Rights Reserved
   5:main_cm0p.c   ****  * UNPUBLISHED, LICENSED SOFTWARE.
   6:main_cm0p.c   ****  *
   7:main_cm0p.c   ****  * CONFIDENTIAL AND PROPRIETARY INFORMATION
   8:main_cm0p.c   ****  * WHICH IS THE PROPERTY OF your company.
   9:main_cm0p.c   ****  *
  10:main_cm0p.c   ****  * ========================================
  11:main_cm0p.c   **** */
  12:main_cm0p.c   **** #include "project.h"
  13:main_cm0p.c   **** 
  14:main_cm0p.c   **** int main(void)
  15:main_cm0p.c   **** {
  28              		.loc 1 15 0
  29              		.cfi_startproc
  30              		@ Volatile: function does not return.
  31              		@ args = 0, pretend = 0, frame = 0
  32              		@ frame_needed = 0, uses_anonymous_args = 0
  33 0000 10B5     		push	{r4, lr}
  34              		.cfi_def_cfa_offset 8
  35              		.cfi_offset 4, -8
  36              		.cfi_offset 14, -4
  37              	.LBB4:
  38              	.LBB5:
  39              		.file 2 "Generated_Source\\PSoC6\\pdl\\cmsis/include/cmsis_gcc.h"
   1:Generated_Source\PSoC6\pdl\cmsis/include/cmsis_gcc.h **** /**************************************************************************//**
   2:Generated_Source\PSoC6\pdl\cmsis/include/cmsis_gcc.h ****  * @file     cmsis_gcc.h
   3:Generated_Source\PSoC6\pdl\cmsis/include/cmsis_gcc.h ****  * @brief    CMSIS compiler GCC header file
ARM GAS  C:\Users\PC\AppData\Local\Temp\ccUPNCkH.s 			page 2


   4:Generated_Source\PSoC6\pdl\cmsis/include/cmsis_gcc.h ****  * @version  V5.0.3
   5:Generated_Source\PSoC6\pdl\cmsis/include/cmsis_gcc.h ****  * @date     16. January 2018
   6:Generated_Source\PSoC6\pdl\cmsis/include/cmsis_gcc.h ****  ******************************************************************************/
   7:Generated_Source\PSoC6\pdl\cmsis/include/cmsis_gcc.h **** /*
   8:Generated_Source\PSoC6\pdl\cmsis/include/cmsis_gcc.h ****  * Copyright (c) 2009-2017 ARM Limited. All rights reserved.
   9:Generated_Source\PSoC6\pdl\cmsis/include/cmsis_gcc.h ****  *
  10:Generated_Source\PSoC6\pdl\cmsis/include/cmsis_gcc.h ****  * SPDX-License-Identifier: Apache-2.0
  11:Generated_Source\PSoC6\pdl\cmsis/include/cmsis_gcc.h ****  *
  12:Generated_Source\PSoC6\pdl\cmsis/include/cmsis_gcc.h ****  * Licensed under the Apache License, Version 2.0 (the License); you may
  13:Generated_Source\PSoC6\pdl\cmsis/include/cmsis_gcc.h ****  * not use this file except in compliance with the License.
  14:Generated_Source\PSoC6\pdl\cmsis/include/cmsis_gcc.h ****  * You may obtain a copy of the License at
  15:Generated_Source\PSoC6\pdl\cmsis/include/cmsis_gcc.h ****  *
  16:Generated_Source\PSoC6\pdl\cmsis/include/cmsis_gcc.h ****  * www.apache.org/licenses/LICENSE-2.0
  17:Generated_Source\PSoC6\pdl\cmsis/include/cmsis_gcc.h ****  *
  18:Generated_Source\PSoC6\pdl\cmsis/include/cmsis_gcc.h ****  * Unless required by applicable law or agreed to in writing, software
  19:Generated_Source\PSoC6\pdl\cmsis/include/cmsis_gcc.h ****  * distributed under the License is distributed on an AS IS BASIS, WITHOUT
  20:Generated_Source\PSoC6\pdl\cmsis/include/cmsis_gcc.h ****  * WARRANTIES OR CONDITIONS OF ANY KIND, either express or implied.
  21:Generated_Source\PSoC6\pdl\cmsis/include/cmsis_gcc.h ****  * See the License for the specific language governing permissions and
  22:Generated_Source\PSoC6\pdl\cmsis/include/cmsis_gcc.h ****  * limitations under the License.
  23:Generated_Source\PSoC6\pdl\cmsis/include/cmsis_gcc.h ****  */
  24:Generated_Source\PSoC6\pdl\cmsis/include/cmsis_gcc.h **** 
  25:Generated_Source\PSoC6\pdl\cmsis/include/cmsis_gcc.h **** #ifndef __CMSIS_GCC_H
  26:Generated_Source\PSoC6\pdl\cmsis/include/cmsis_gcc.h **** #define __CMSIS_GCC_H
  27:Generated_Source\PSoC6\pdl\cmsis/include/cmsis_gcc.h **** 
  28:Generated_Source\PSoC6\pdl\cmsis/include/cmsis_gcc.h **** /* ignore some GCC warnings */
  29:Generated_Source\PSoC6\pdl\cmsis/include/cmsis_gcc.h **** #pragma GCC diagnostic push
  30:Generated_Source\PSoC6\pdl\cmsis/include/cmsis_gcc.h **** #pragma GCC diagnostic ignored "-Wsign-conversion"
  31:Generated_Source\PSoC6\pdl\cmsis/include/cmsis_gcc.h **** #pragma GCC diagnostic ignored "-Wconversion"
  32:Generated_Source\PSoC6\pdl\cmsis/include/cmsis_gcc.h **** #pragma GCC diagnostic ignored "-Wunused-parameter"
  33:Generated_Source\PSoC6\pdl\cmsis/include/cmsis_gcc.h **** 
  34:Generated_Source\PSoC6\pdl\cmsis/include/cmsis_gcc.h **** /* Fallback for __has_builtin */
  35:Generated_Source\PSoC6\pdl\cmsis/include/cmsis_gcc.h **** #ifndef __has_builtin
  36:Generated_Source\PSoC6\pdl\cmsis/include/cmsis_gcc.h ****   #define __has_builtin(x) (0)
  37:Generated_Source\PSoC6\pdl\cmsis/include/cmsis_gcc.h **** #endif
  38:Generated_Source\PSoC6\pdl\cmsis/include/cmsis_gcc.h **** 
  39:Generated_Source\PSoC6\pdl\cmsis/include/cmsis_gcc.h **** /* CMSIS compiler specific defines */
  40:Generated_Source\PSoC6\pdl\cmsis/include/cmsis_gcc.h **** #ifndef   __ASM
  41:Generated_Source\PSoC6\pdl\cmsis/include/cmsis_gcc.h ****   #define __ASM                                  __asm
  42:Generated_Source\PSoC6\pdl\cmsis/include/cmsis_gcc.h **** #endif
  43:Generated_Source\PSoC6\pdl\cmsis/include/cmsis_gcc.h **** #ifndef   __INLINE
  44:Generated_Source\PSoC6\pdl\cmsis/include/cmsis_gcc.h ****   #define __INLINE                               inline
  45:Generated_Source\PSoC6\pdl\cmsis/include/cmsis_gcc.h **** #endif
  46:Generated_Source\PSoC6\pdl\cmsis/include/cmsis_gcc.h **** #ifndef   __STATIC_INLINE
  47:Generated_Source\PSoC6\pdl\cmsis/include/cmsis_gcc.h ****   #define __STATIC_INLINE                        static inline
  48:Generated_Source\PSoC6\pdl\cmsis/include/cmsis_gcc.h **** #endif
  49:Generated_Source\PSoC6\pdl\cmsis/include/cmsis_gcc.h **** #ifndef   __STATIC_FORCEINLINE                 
  50:Generated_Source\PSoC6\pdl\cmsis/include/cmsis_gcc.h ****   #define __STATIC_FORCEINLINE                   __attribute__((always_inline)) static inline
  51:Generated_Source\PSoC6\pdl\cmsis/include/cmsis_gcc.h **** #endif                                           
  52:Generated_Source\PSoC6\pdl\cmsis/include/cmsis_gcc.h **** #ifndef   __NO_RETURN
  53:Generated_Source\PSoC6\pdl\cmsis/include/cmsis_gcc.h ****   #define __NO_RETURN                            __attribute__((__noreturn__))
  54:Generated_Source\PSoC6\pdl\cmsis/include/cmsis_gcc.h **** #endif
  55:Generated_Source\PSoC6\pdl\cmsis/include/cmsis_gcc.h **** #ifndef   __USED
  56:Generated_Source\PSoC6\pdl\cmsis/include/cmsis_gcc.h ****   #define __USED                                 __attribute__((used))
  57:Generated_Source\PSoC6\pdl\cmsis/include/cmsis_gcc.h **** #endif
  58:Generated_Source\PSoC6\pdl\cmsis/include/cmsis_gcc.h **** #ifndef   __WEAK
  59:Generated_Source\PSoC6\pdl\cmsis/include/cmsis_gcc.h ****   #define __WEAK                                 __attribute__((weak))
  60:Generated_Source\PSoC6\pdl\cmsis/include/cmsis_gcc.h **** #endif
ARM GAS  C:\Users\PC\AppData\Local\Temp\ccUPNCkH.s 			page 3


  61:Generated_Source\PSoC6\pdl\cmsis/include/cmsis_gcc.h **** #ifndef   __PACKED
  62:Generated_Source\PSoC6\pdl\cmsis/include/cmsis_gcc.h ****   #define __PACKED                               __attribute__((packed, aligned(1)))
  63:Generated_Source\PSoC6\pdl\cmsis/include/cmsis_gcc.h **** #endif
  64:Generated_Source\PSoC6\pdl\cmsis/include/cmsis_gcc.h **** #ifndef   __PACKED_STRUCT
  65:Generated_Source\PSoC6\pdl\cmsis/include/cmsis_gcc.h ****   #define __PACKED_STRUCT                        struct __attribute__((packed, aligned(1)))
  66:Generated_Source\PSoC6\pdl\cmsis/include/cmsis_gcc.h **** #endif
  67:Generated_Source\PSoC6\pdl\cmsis/include/cmsis_gcc.h **** #ifndef   __PACKED_UNION
  68:Generated_Source\PSoC6\pdl\cmsis/include/cmsis_gcc.h ****   #define __PACKED_UNION                         union __attribute__((packed, aligned(1)))
  69:Generated_Source\PSoC6\pdl\cmsis/include/cmsis_gcc.h **** #endif
  70:Generated_Source\PSoC6\pdl\cmsis/include/cmsis_gcc.h **** #ifndef   __UNALIGNED_UINT32        /* deprecated */
  71:Generated_Source\PSoC6\pdl\cmsis/include/cmsis_gcc.h ****   #pragma GCC diagnostic push
  72:Generated_Source\PSoC6\pdl\cmsis/include/cmsis_gcc.h ****   #pragma GCC diagnostic ignored "-Wpacked"
  73:Generated_Source\PSoC6\pdl\cmsis/include/cmsis_gcc.h ****   #pragma GCC diagnostic ignored "-Wattributes"
  74:Generated_Source\PSoC6\pdl\cmsis/include/cmsis_gcc.h ****   struct __attribute__((packed)) T_UINT32 { uint32_t v; };
  75:Generated_Source\PSoC6\pdl\cmsis/include/cmsis_gcc.h ****   #pragma GCC diagnostic pop
  76:Generated_Source\PSoC6\pdl\cmsis/include/cmsis_gcc.h ****   #define __UNALIGNED_UINT32(x)                  (((struct T_UINT32 *)(x))->v)
  77:Generated_Source\PSoC6\pdl\cmsis/include/cmsis_gcc.h **** #endif
  78:Generated_Source\PSoC6\pdl\cmsis/include/cmsis_gcc.h **** #ifndef   __UNALIGNED_UINT16_WRITE
  79:Generated_Source\PSoC6\pdl\cmsis/include/cmsis_gcc.h ****   #pragma GCC diagnostic push
  80:Generated_Source\PSoC6\pdl\cmsis/include/cmsis_gcc.h ****   #pragma GCC diagnostic ignored "-Wpacked"
  81:Generated_Source\PSoC6\pdl\cmsis/include/cmsis_gcc.h ****   #pragma GCC diagnostic ignored "-Wattributes"
  82:Generated_Source\PSoC6\pdl\cmsis/include/cmsis_gcc.h ****   __PACKED_STRUCT T_UINT16_WRITE { uint16_t v; };
  83:Generated_Source\PSoC6\pdl\cmsis/include/cmsis_gcc.h ****   #pragma GCC diagnostic pop
  84:Generated_Source\PSoC6\pdl\cmsis/include/cmsis_gcc.h ****   #define __UNALIGNED_UINT16_WRITE(addr, val)    (void)((((struct T_UINT16_WRITE *)(void *)(addr))-
  85:Generated_Source\PSoC6\pdl\cmsis/include/cmsis_gcc.h **** #endif
  86:Generated_Source\PSoC6\pdl\cmsis/include/cmsis_gcc.h **** #ifndef   __UNALIGNED_UINT16_READ
  87:Generated_Source\PSoC6\pdl\cmsis/include/cmsis_gcc.h ****   #pragma GCC diagnostic push
  88:Generated_Source\PSoC6\pdl\cmsis/include/cmsis_gcc.h ****   #pragma GCC diagnostic ignored "-Wpacked"
  89:Generated_Source\PSoC6\pdl\cmsis/include/cmsis_gcc.h ****   #pragma GCC diagnostic ignored "-Wattributes"
  90:Generated_Source\PSoC6\pdl\cmsis/include/cmsis_gcc.h ****   __PACKED_STRUCT T_UINT16_READ { uint16_t v; };
  91:Generated_Source\PSoC6\pdl\cmsis/include/cmsis_gcc.h ****   #pragma GCC diagnostic pop
  92:Generated_Source\PSoC6\pdl\cmsis/include/cmsis_gcc.h ****   #define __UNALIGNED_UINT16_READ(addr)          (((const struct T_UINT16_READ *)(const void *)(add
  93:Generated_Source\PSoC6\pdl\cmsis/include/cmsis_gcc.h **** #endif
  94:Generated_Source\PSoC6\pdl\cmsis/include/cmsis_gcc.h **** #ifndef   __UNALIGNED_UINT32_WRITE
  95:Generated_Source\PSoC6\pdl\cmsis/include/cmsis_gcc.h ****   #pragma GCC diagnostic push
  96:Generated_Source\PSoC6\pdl\cmsis/include/cmsis_gcc.h ****   #pragma GCC diagnostic ignored "-Wpacked"
  97:Generated_Source\PSoC6\pdl\cmsis/include/cmsis_gcc.h ****   #pragma GCC diagnostic ignored "-Wattributes"
  98:Generated_Source\PSoC6\pdl\cmsis/include/cmsis_gcc.h ****   __PACKED_STRUCT T_UINT32_WRITE { uint32_t v; };
  99:Generated_Source\PSoC6\pdl\cmsis/include/cmsis_gcc.h ****   #pragma GCC diagnostic pop
 100:Generated_Source\PSoC6\pdl\cmsis/include/cmsis_gcc.h ****   #define __UNALIGNED_UINT32_WRITE(addr, val)    (void)((((struct T_UINT32_WRITE *)(void *)(addr))-
 101:Generated_Source\PSoC6\pdl\cmsis/include/cmsis_gcc.h **** #endif
 102:Generated_Source\PSoC6\pdl\cmsis/include/cmsis_gcc.h **** #ifndef   __UNALIGNED_UINT32_READ
 103:Generated_Source\PSoC6\pdl\cmsis/include/cmsis_gcc.h ****   #pragma GCC diagnostic push
 104:Generated_Source\PSoC6\pdl\cmsis/include/cmsis_gcc.h ****   #pragma GCC diagnostic ignored "-Wpacked"
 105:Generated_Source\PSoC6\pdl\cmsis/include/cmsis_gcc.h ****   #pragma GCC diagnostic ignored "-Wattributes"
 106:Generated_Source\PSoC6\pdl\cmsis/include/cmsis_gcc.h ****   __PACKED_STRUCT T_UINT32_READ { uint32_t v; };
 107:Generated_Source\PSoC6\pdl\cmsis/include/cmsis_gcc.h ****   #pragma GCC diagnostic pop
 108:Generated_Source\PSoC6\pdl\cmsis/include/cmsis_gcc.h ****   #define __UNALIGNED_UINT32_READ(addr)          (((const struct T_UINT32_READ *)(const void *)(add
 109:Generated_Source\PSoC6\pdl\cmsis/include/cmsis_gcc.h **** #endif
 110:Generated_Source\PSoC6\pdl\cmsis/include/cmsis_gcc.h **** #ifndef   __ALIGNED
 111:Generated_Source\PSoC6\pdl\cmsis/include/cmsis_gcc.h ****   #define __ALIGNED(x)                           __attribute__((aligned(x)))
 112:Generated_Source\PSoC6\pdl\cmsis/include/cmsis_gcc.h **** #endif
 113:Generated_Source\PSoC6\pdl\cmsis/include/cmsis_gcc.h **** #ifndef   __RESTRICT
 114:Generated_Source\PSoC6\pdl\cmsis/include/cmsis_gcc.h ****   #define __RESTRICT                             __restrict
 115:Generated_Source\PSoC6\pdl\cmsis/include/cmsis_gcc.h **** #endif
 116:Generated_Source\PSoC6\pdl\cmsis/include/cmsis_gcc.h **** 
 117:Generated_Source\PSoC6\pdl\cmsis/include/cmsis_gcc.h **** 
ARM GAS  C:\Users\PC\AppData\Local\Temp\ccUPNCkH.s 			page 4


 118:Generated_Source\PSoC6\pdl\cmsis/include/cmsis_gcc.h **** /* ###########################  Core Function Access  ########################### */
 119:Generated_Source\PSoC6\pdl\cmsis/include/cmsis_gcc.h **** /** \ingroup  CMSIS_Core_FunctionInterface
 120:Generated_Source\PSoC6\pdl\cmsis/include/cmsis_gcc.h ****     \defgroup CMSIS_Core_RegAccFunctions CMSIS Core Register Access Functions
 121:Generated_Source\PSoC6\pdl\cmsis/include/cmsis_gcc.h ****   @{
 122:Generated_Source\PSoC6\pdl\cmsis/include/cmsis_gcc.h ****  */
 123:Generated_Source\PSoC6\pdl\cmsis/include/cmsis_gcc.h **** 
 124:Generated_Source\PSoC6\pdl\cmsis/include/cmsis_gcc.h **** /**
 125:Generated_Source\PSoC6\pdl\cmsis/include/cmsis_gcc.h ****   \brief   Enable IRQ Interrupts
 126:Generated_Source\PSoC6\pdl\cmsis/include/cmsis_gcc.h ****   \details Enables IRQ interrupts by clearing the I-bit in the CPSR.
 127:Generated_Source\PSoC6\pdl\cmsis/include/cmsis_gcc.h ****            Can only be executed in Privileged modes.
 128:Generated_Source\PSoC6\pdl\cmsis/include/cmsis_gcc.h ****  */
 129:Generated_Source\PSoC6\pdl\cmsis/include/cmsis_gcc.h **** __STATIC_FORCEINLINE void __enable_irq(void)
 130:Generated_Source\PSoC6\pdl\cmsis/include/cmsis_gcc.h **** {
 131:Generated_Source\PSoC6\pdl\cmsis/include/cmsis_gcc.h ****   __ASM volatile ("cpsie i" : : : "memory");
  40              		.loc 2 131 0
  41              		.syntax divided
  42              	@ 131 "Generated_Source\PSoC6\pdl\cmsis/include/cmsis_gcc.h" 1
  43 0002 62B6     		cpsie i
  44              	@ 0 "" 2
  45              		.thumb
  46              		.syntax unified
  47              	.LBE5:
  48              	.LBE4:
  16:main_cm0p.c   ****     __enable_irq(); /* Enable global interrupts. */
  17:main_cm0p.c   ****     /* Enable CM4.  CY_CORTEX_M4_APPL_ADDR must be updated if CM4 memory layout is changed. */
  18:main_cm0p.c   ****     Cy_SysEnableCM4(CY_CORTEX_M4_APPL_ADDR); 
  49              		.loc 1 18 0
  50 0004 0148     		ldr	r0, .L3
  51 0006 FFF7FEFF 		bl	Cy_SysEnableCM4
  52              	.LVL0:
  53              	.L2:
  54 000a FEE7     		b	.L2
  55              	.L4:
  56              		.align	2
  57              	.L3:
  58 000c 00000810 		.word	268959744
  59              		.cfi_endproc
  60              	.LFE360:
  61              		.size	main, .-main
  62              		.text
  63              	.Letext0:
  64              		.file 3 "c:\\program files (x86)\\cypress\\psoc creator\\4.4\\psoc creator\\import\\gnu\\arm\\5.4.
  65              		.file 4 "c:\\program files (x86)\\cypress\\psoc creator\\4.4\\psoc creator\\import\\gnu\\arm\\5.4.
  66              		.file 5 "Generated_Source\\PSoC6\\pdl\\drivers/peripheral/device/cy_device.h"
  67              		.file 6 "Generated_Source\\PSoC6\\pdl\\drivers/peripheral/tcpwm/cy_tcpwm_pwm.h"
  68              		.file 7 "Generated_Source\\PSoC6/PWM_1.h"
  69              		.file 8 "Generated_Source\\PSoC6/PWM_2.h"
  70              		.file 9 "./system_psoc6.h"
  71              		.section	.debug_info,"",%progbits
  72              	.Ldebug_info0:
  73 0000 CB060000 		.4byte	0x6cb
  74 0004 0400     		.2byte	0x4
  75 0006 00000000 		.4byte	.Ldebug_abbrev0
  76 000a 04       		.byte	0x4
  77 000b 01       		.uleb128 0x1
  78 000c 2D060000 		.4byte	.LASF139
  79 0010 0C       		.byte	0xc
ARM GAS  C:\Users\PC\AppData\Local\Temp\ccUPNCkH.s 			page 5


  80 0011 82000000 		.4byte	.LASF140
  81 0015 F1030000 		.4byte	.LASF141
  82 0019 00000000 		.4byte	.Ldebug_ranges0+0
  83 001d 00000000 		.4byte	0
  84 0021 00000000 		.4byte	.Ldebug_line0
  85 0025 02       		.uleb128 0x2
  86 0026 02       		.byte	0x2
  87 0027 05       		.byte	0x5
  88 0028 CD050000 		.4byte	.LASF0
  89 002c 02       		.uleb128 0x2
  90 002d 01       		.byte	0x1
  91 002e 08       		.byte	0x8
  92 002f AB050000 		.4byte	.LASF1
  93 0033 02       		.uleb128 0x2
  94 0034 01       		.byte	0x1
  95 0035 06       		.byte	0x6
  96 0036 80010000 		.4byte	.LASF2
  97 003a 03       		.uleb128 0x3
  98 003b A9000000 		.4byte	.LASF3
  99 003f 03       		.byte	0x3
 100 0040 1D       		.byte	0x1d
 101 0041 2C000000 		.4byte	0x2c
 102 0045 03       		.uleb128 0x3
 103 0046 BC020000 		.4byte	.LASF4
 104 004a 03       		.byte	0x3
 105 004b 29       		.byte	0x29
 106 004c 25000000 		.4byte	0x25
 107 0050 03       		.uleb128 0x3
 108 0051 FE060000 		.4byte	.LASF5
 109 0055 03       		.byte	0x3
 110 0056 2B       		.byte	0x2b
 111 0057 5B000000 		.4byte	0x5b
 112 005b 02       		.uleb128 0x2
 113 005c 02       		.byte	0x2
 114 005d 07       		.byte	0x7
 115 005e 46070000 		.4byte	.LASF6
 116 0062 02       		.uleb128 0x2
 117 0063 04       		.byte	0x4
 118 0064 05       		.byte	0x5
 119 0065 FB010000 		.4byte	.LASF7
 120 0069 03       		.uleb128 0x3
 121 006a A1020000 		.4byte	.LASF8
 122 006e 03       		.byte	0x3
 123 006f 41       		.byte	0x41
 124 0070 74000000 		.4byte	0x74
 125 0074 02       		.uleb128 0x2
 126 0075 04       		.byte	0x4
 127 0076 07       		.byte	0x7
 128 0077 37030000 		.4byte	.LASF9
 129 007b 02       		.uleb128 0x2
 130 007c 08       		.byte	0x8
 131 007d 05       		.byte	0x5
 132 007e 72010000 		.4byte	.LASF10
 133 0082 02       		.uleb128 0x2
 134 0083 08       		.byte	0x8
 135 0084 07       		.byte	0x7
 136 0085 F8000000 		.4byte	.LASF11
ARM GAS  C:\Users\PC\AppData\Local\Temp\ccUPNCkH.s 			page 6


 137 0089 04       		.uleb128 0x4
 138 008a 04       		.byte	0x4
 139 008b 05       		.byte	0x5
 140 008c 696E7400 		.ascii	"int\000"
 141 0090 02       		.uleb128 0x2
 142 0091 04       		.byte	0x4
 143 0092 07       		.byte	0x7
 144 0093 FB020000 		.4byte	.LASF12
 145 0097 03       		.uleb128 0x3
 146 0098 00080000 		.4byte	.LASF13
 147 009c 04       		.byte	0x4
 148 009d 18       		.byte	0x18
 149 009e 3A000000 		.4byte	0x3a
 150 00a2 03       		.uleb128 0x3
 151 00a3 6A010000 		.4byte	.LASF14
 152 00a7 04       		.byte	0x4
 153 00a8 20       		.byte	0x20
 154 00a9 45000000 		.4byte	0x45
 155 00ad 03       		.uleb128 0x3
 156 00ae 08030000 		.4byte	.LASF15
 157 00b2 04       		.byte	0x4
 158 00b3 24       		.byte	0x24
 159 00b4 50000000 		.4byte	0x50
 160 00b8 03       		.uleb128 0x3
 161 00b9 24060000 		.4byte	.LASF16
 162 00bd 04       		.byte	0x4
 163 00be 30       		.byte	0x30
 164 00bf 69000000 		.4byte	0x69
 165 00c3 02       		.uleb128 0x2
 166 00c4 04       		.byte	0x4
 167 00c5 07       		.byte	0x7
 168 00c6 B0040000 		.4byte	.LASF17
 169 00ca 02       		.uleb128 0x2
 170 00cb 08       		.byte	0x8
 171 00cc 04       		.byte	0x4
 172 00cd C8060000 		.4byte	.LASF18
 173 00d1 05       		.uleb128 0x5
 174 00d2 B8       		.byte	0xb8
 175 00d3 05       		.byte	0x5
 176 00d4 34       		.byte	0x34
 177 00d5 E2040000 		.4byte	0x4e2
 178 00d9 06       		.uleb128 0x6
 179 00da DF000000 		.4byte	.LASF19
 180 00de 05       		.byte	0x5
 181 00df 37       		.byte	0x37
 182 00e0 B8000000 		.4byte	0xb8
 183 00e4 00       		.byte	0
 184 00e5 06       		.uleb128 0x6
 185 00e6 96020000 		.4byte	.LASF20
 186 00ea 05       		.byte	0x5
 187 00eb 38       		.byte	0x38
 188 00ec B8000000 		.4byte	0xb8
 189 00f0 04       		.byte	0x4
 190 00f1 06       		.uleb128 0x6
 191 00f2 1F020000 		.4byte	.LASF21
 192 00f6 05       		.byte	0x5
 193 00f7 39       		.byte	0x39
ARM GAS  C:\Users\PC\AppData\Local\Temp\ccUPNCkH.s 			page 7


 194 00f8 B8000000 		.4byte	0xb8
 195 00fc 08       		.byte	0x8
 196 00fd 06       		.uleb128 0x6
 197 00fe 9D050000 		.4byte	.LASF22
 198 0102 05       		.byte	0x5
 199 0103 3A       		.byte	0x3a
 200 0104 B8000000 		.4byte	0xb8
 201 0108 0C       		.byte	0xc
 202 0109 06       		.uleb128 0x6
 203 010a A1010000 		.4byte	.LASF23
 204 010e 05       		.byte	0x5
 205 010f 3B       		.byte	0x3b
 206 0110 B8000000 		.4byte	0xb8
 207 0114 10       		.byte	0x10
 208 0115 06       		.uleb128 0x6
 209 0116 D9010000 		.4byte	.LASF24
 210 011a 05       		.byte	0x5
 211 011b 3C       		.byte	0x3c
 212 011c B8000000 		.4byte	0xb8
 213 0120 14       		.byte	0x14
 214 0121 06       		.uleb128 0x6
 215 0122 66030000 		.4byte	.LASF25
 216 0126 05       		.byte	0x5
 217 0127 3D       		.byte	0x3d
 218 0128 B8000000 		.4byte	0xb8
 219 012c 18       		.byte	0x18
 220 012d 06       		.uleb128 0x6
 221 012e 79000000 		.4byte	.LASF26
 222 0132 05       		.byte	0x5
 223 0133 3E       		.byte	0x3e
 224 0134 B8000000 		.4byte	0xb8
 225 0138 1C       		.byte	0x1c
 226 0139 06       		.uleb128 0x6
 227 013a 98080000 		.4byte	.LASF27
 228 013e 05       		.byte	0x5
 229 013f 3F       		.byte	0x3f
 230 0140 B8000000 		.4byte	0xb8
 231 0144 20       		.byte	0x20
 232 0145 06       		.uleb128 0x6
 233 0146 24050000 		.4byte	.LASF28
 234 014a 05       		.byte	0x5
 235 014b 40       		.byte	0x40
 236 014c B8000000 		.4byte	0xb8
 237 0150 24       		.byte	0x24
 238 0151 06       		.uleb128 0x6
 239 0152 82040000 		.4byte	.LASF29
 240 0156 05       		.byte	0x5
 241 0157 43       		.byte	0x43
 242 0158 97000000 		.4byte	0x97
 243 015c 28       		.byte	0x28
 244 015d 06       		.uleb128 0x6
 245 015e 5F000000 		.4byte	.LASF30
 246 0162 05       		.byte	0x5
 247 0163 44       		.byte	0x44
 248 0164 97000000 		.4byte	0x97
 249 0168 29       		.byte	0x29
 250 0169 06       		.uleb128 0x6
ARM GAS  C:\Users\PC\AppData\Local\Temp\ccUPNCkH.s 			page 8


 251 016a 8E080000 		.4byte	.LASF31
 252 016e 05       		.byte	0x5
 253 016f 45       		.byte	0x45
 254 0170 97000000 		.4byte	0x97
 255 0174 2A       		.byte	0x2a
 256 0175 06       		.uleb128 0x6
 257 0176 16050000 		.4byte	.LASF32
 258 017a 05       		.byte	0x5
 259 017b 46       		.byte	0x46
 260 017c 97000000 		.4byte	0x97
 261 0180 2B       		.byte	0x2b
 262 0181 06       		.uleb128 0x6
 263 0182 E5030000 		.4byte	.LASF33
 264 0186 05       		.byte	0x5
 265 0187 47       		.byte	0x47
 266 0188 97000000 		.4byte	0x97
 267 018c 2C       		.byte	0x2c
 268 018d 06       		.uleb128 0x6
 269 018e 1C070000 		.4byte	.LASF34
 270 0192 05       		.byte	0x5
 271 0193 48       		.byte	0x48
 272 0194 97000000 		.4byte	0x97
 273 0198 2D       		.byte	0x2d
 274 0199 06       		.uleb128 0x6
 275 019a AA010000 		.4byte	.LASF35
 276 019e 05       		.byte	0x5
 277 019f 49       		.byte	0x49
 278 01a0 97000000 		.4byte	0x97
 279 01a4 2E       		.byte	0x2e
 280 01a5 06       		.uleb128 0x6
 281 01a6 8F040000 		.4byte	.LASF36
 282 01aa 05       		.byte	0x5
 283 01ab 4A       		.byte	0x4a
 284 01ac 97000000 		.4byte	0x97
 285 01b0 2F       		.byte	0x2f
 286 01b1 06       		.uleb128 0x6
 287 01b2 E4060000 		.4byte	.LASF37
 288 01b6 05       		.byte	0x5
 289 01b7 4B       		.byte	0x4b
 290 01b8 97000000 		.4byte	0x97
 291 01bc 30       		.byte	0x30
 292 01bd 06       		.uleb128 0x6
 293 01be 5B030000 		.4byte	.LASF38
 294 01c2 05       		.byte	0x5
 295 01c3 4E       		.byte	0x4e
 296 01c4 97000000 		.4byte	0x97
 297 01c8 31       		.byte	0x31
 298 01c9 06       		.uleb128 0x6
 299 01ca 9B000000 		.4byte	.LASF39
 300 01ce 05       		.byte	0x5
 301 01cf 4F       		.byte	0x4f
 302 01d0 97000000 		.4byte	0x97
 303 01d4 32       		.byte	0x32
 304 01d5 06       		.uleb128 0x6
 305 01d6 EF020000 		.4byte	.LASF40
 306 01da 05       		.byte	0x5
 307 01db 50       		.byte	0x50
ARM GAS  C:\Users\PC\AppData\Local\Temp\ccUPNCkH.s 			page 9


 308 01dc 97000000 		.4byte	0x97
 309 01e0 33       		.byte	0x33
 310 01e1 06       		.uleb128 0x6
 311 01e2 C4040000 		.4byte	.LASF41
 312 01e6 05       		.byte	0x5
 313 01e7 51       		.byte	0x51
 314 01e8 97000000 		.4byte	0x97
 315 01ec 34       		.byte	0x34
 316 01ed 06       		.uleb128 0x6
 317 01ee 7F070000 		.4byte	.LASF42
 318 01f2 05       		.byte	0x5
 319 01f3 52       		.byte	0x52
 320 01f4 A2000000 		.4byte	0xa2
 321 01f8 36       		.byte	0x36
 322 01f9 06       		.uleb128 0x6
 323 01fa 39020000 		.4byte	.LASF43
 324 01fe 05       		.byte	0x5
 325 01ff 53       		.byte	0x53
 326 0200 A2000000 		.4byte	0xa2
 327 0204 38       		.byte	0x38
 328 0205 06       		.uleb128 0x6
 329 0206 CD070000 		.4byte	.LASF44
 330 020a 05       		.byte	0x5
 331 020b 54       		.byte	0x54
 332 020c A2000000 		.4byte	0xa2
 333 0210 3A       		.byte	0x3a
 334 0211 06       		.uleb128 0x6
 335 0212 CA010000 		.4byte	.LASF45
 336 0216 05       		.byte	0x5
 337 0217 55       		.byte	0x55
 338 0218 97000000 		.4byte	0x97
 339 021c 3C       		.byte	0x3c
 340 021d 06       		.uleb128 0x6
 341 021e 60020000 		.4byte	.LASF46
 342 0222 05       		.byte	0x5
 343 0223 56       		.byte	0x56
 344 0224 97000000 		.4byte	0x97
 345 0228 3D       		.byte	0x3d
 346 0229 06       		.uleb128 0x6
 347 022a 06060000 		.4byte	.LASF47
 348 022e 05       		.byte	0x5
 349 022f 57       		.byte	0x57
 350 0230 97000000 		.4byte	0x97
 351 0234 3E       		.byte	0x3e
 352 0235 06       		.uleb128 0x6
 353 0236 6D000000 		.4byte	.LASF48
 354 023a 05       		.byte	0x5
 355 023b 58       		.byte	0x58
 356 023c 97000000 		.4byte	0x97
 357 0240 3F       		.byte	0x3f
 358 0241 06       		.uleb128 0x6
 359 0242 2F050000 		.4byte	.LASF49
 360 0246 05       		.byte	0x5
 361 0247 59       		.byte	0x59
 362 0248 97000000 		.4byte	0x97
 363 024c 40       		.byte	0x40
 364 024d 06       		.uleb128 0x6
ARM GAS  C:\Users\PC\AppData\Local\Temp\ccUPNCkH.s 			page 10


 365 024e AC020000 		.4byte	.LASF50
 366 0252 05       		.byte	0x5
 367 0253 5A       		.byte	0x5a
 368 0254 97000000 		.4byte	0x97
 369 0258 41       		.byte	0x41
 370 0259 06       		.uleb128 0x6
 371 025a 6F030000 		.4byte	.LASF51
 372 025e 05       		.byte	0x5
 373 025f 5B       		.byte	0x5b
 374 0260 97000000 		.4byte	0x97
 375 0264 42       		.byte	0x42
 376 0265 06       		.uleb128 0x6
 377 0266 0B050000 		.4byte	.LASF52
 378 026a 05       		.byte	0x5
 379 026b 5C       		.byte	0x5c
 380 026c 97000000 		.4byte	0x97
 381 0270 43       		.byte	0x43
 382 0271 06       		.uleb128 0x6
 383 0272 28020000 		.4byte	.LASF53
 384 0276 05       		.byte	0x5
 385 0277 5D       		.byte	0x5d
 386 0278 97000000 		.4byte	0x97
 387 027c 44       		.byte	0x44
 388 027d 06       		.uleb128 0x6
 389 027e 00000000 		.4byte	.LASF54
 390 0282 05       		.byte	0x5
 391 0283 5E       		.byte	0x5e
 392 0284 B8000000 		.4byte	0xb8
 393 0288 48       		.byte	0x48
 394 0289 06       		.uleb128 0x6
 395 028a 04020000 		.4byte	.LASF55
 396 028e 05       		.byte	0x5
 397 028f 5F       		.byte	0x5f
 398 0290 B8000000 		.4byte	0xb8
 399 0294 4C       		.byte	0x4c
 400 0295 06       		.uleb128 0x6
 401 0296 C8080000 		.4byte	.LASF56
 402 029a 05       		.byte	0x5
 403 029b 60       		.byte	0x60
 404 029c 97000000 		.4byte	0x97
 405 02a0 50       		.byte	0x50
 406 02a1 06       		.uleb128 0x6
 407 02a2 44010000 		.4byte	.LASF57
 408 02a6 05       		.byte	0x5
 409 02a7 61       		.byte	0x61
 410 02a8 97000000 		.4byte	0x97
 411 02ac 51       		.byte	0x51
 412 02ad 06       		.uleb128 0x6
 413 02ae F0070000 		.4byte	.LASF58
 414 02b2 05       		.byte	0x5
 415 02b3 62       		.byte	0x62
 416 02b4 97000000 		.4byte	0x97
 417 02b8 52       		.byte	0x52
 418 02b9 06       		.uleb128 0x6
 419 02ba B6080000 		.4byte	.LASF59
 420 02be 05       		.byte	0x5
 421 02bf 63       		.byte	0x63
ARM GAS  C:\Users\PC\AppData\Local\Temp\ccUPNCkH.s 			page 11


 422 02c0 97000000 		.4byte	0x97
 423 02c4 53       		.byte	0x53
 424 02c5 06       		.uleb128 0x6
 425 02c6 14060000 		.4byte	.LASF60
 426 02ca 05       		.byte	0x5
 427 02cb 64       		.byte	0x64
 428 02cc 97000000 		.4byte	0x97
 429 02d0 54       		.byte	0x54
 430 02d1 06       		.uleb128 0x6
 431 02d2 56010000 		.4byte	.LASF61
 432 02d6 05       		.byte	0x5
 433 02d7 65       		.byte	0x65
 434 02d8 97000000 		.4byte	0x97
 435 02dc 55       		.byte	0x55
 436 02dd 06       		.uleb128 0x6
 437 02de 23030000 		.4byte	.LASF62
 438 02e2 05       		.byte	0x5
 439 02e3 66       		.byte	0x66
 440 02e4 97000000 		.4byte	0x97
 441 02e8 56       		.byte	0x56
 442 02e9 06       		.uleb128 0x6
 443 02ea 7B030000 		.4byte	.LASF63
 444 02ee 05       		.byte	0x5
 445 02ef 67       		.byte	0x67
 446 02f0 97000000 		.4byte	0x97
 447 02f4 57       		.byte	0x57
 448 02f5 06       		.uleb128 0x6
 449 02f6 1A000000 		.4byte	.LASF64
 450 02fa 05       		.byte	0x5
 451 02fb 68       		.byte	0x68
 452 02fc 97000000 		.4byte	0x97
 453 0300 58       		.byte	0x58
 454 0301 06       		.uleb128 0x6
 455 0302 B9050000 		.4byte	.LASF65
 456 0306 05       		.byte	0x5
 457 0307 69       		.byte	0x69
 458 0308 97000000 		.4byte	0x97
 459 030c 59       		.byte	0x59
 460 030d 06       		.uleb128 0x6
 461 030e B9040000 		.4byte	.LASF66
 462 0312 05       		.byte	0x5
 463 0313 6E       		.byte	0x6e
 464 0314 AD000000 		.4byte	0xad
 465 0318 5A       		.byte	0x5a
 466 0319 06       		.uleb128 0x6
 467 031a 59070000 		.4byte	.LASF67
 468 031e 05       		.byte	0x5
 469 031f 6F       		.byte	0x6f
 470 0320 AD000000 		.4byte	0xad
 471 0324 5C       		.byte	0x5c
 472 0325 06       		.uleb128 0x6
 473 0326 E9000000 		.4byte	.LASF68
 474 032a 05       		.byte	0x5
 475 032b 70       		.byte	0x70
 476 032c 97000000 		.4byte	0x97
 477 0330 5E       		.byte	0x5e
 478 0331 06       		.uleb128 0x6
ARM GAS  C:\Users\PC\AppData\Local\Temp\ccUPNCkH.s 			page 12


 479 0332 7E050000 		.4byte	.LASF69
 480 0336 05       		.byte	0x5
 481 0337 71       		.byte	0x71
 482 0338 97000000 		.4byte	0x97
 483 033c 5F       		.byte	0x5f
 484 033d 06       		.uleb128 0x6
 485 033e FA040000 		.4byte	.LASF70
 486 0342 05       		.byte	0x5
 487 0343 72       		.byte	0x72
 488 0344 97000000 		.4byte	0x97
 489 0348 60       		.byte	0x60
 490 0349 06       		.uleb128 0x6
 491 034a 57050000 		.4byte	.LASF71
 492 034e 05       		.byte	0x5
 493 034f 73       		.byte	0x73
 494 0350 B8000000 		.4byte	0xb8
 495 0354 64       		.byte	0x64
 496 0355 06       		.uleb128 0x6
 497 0356 1E010000 		.4byte	.LASF72
 498 035a 05       		.byte	0x5
 499 035b 76       		.byte	0x76
 500 035c AD000000 		.4byte	0xad
 501 0360 68       		.byte	0x68
 502 0361 06       		.uleb128 0x6
 503 0362 11030000 		.4byte	.LASF73
 504 0366 05       		.byte	0x5
 505 0367 77       		.byte	0x77
 506 0368 AD000000 		.4byte	0xad
 507 036c 6A       		.byte	0x6a
 508 036d 06       		.uleb128 0x6
 509 036e 9D030000 		.4byte	.LASF74
 510 0372 05       		.byte	0x5
 511 0373 78       		.byte	0x78
 512 0374 AD000000 		.4byte	0xad
 513 0378 6C       		.byte	0x6c
 514 0379 06       		.uleb128 0x6
 515 037a C8030000 		.4byte	.LASF75
 516 037e 05       		.byte	0x5
 517 037f 79       		.byte	0x79
 518 0380 AD000000 		.4byte	0xad
 519 0384 6E       		.byte	0x6e
 520 0385 06       		.uleb128 0x6
 521 0386 D7050000 		.4byte	.LASF76
 522 038a 05       		.byte	0x5
 523 038b 7B       		.byte	0x7b
 524 038c 97000000 		.4byte	0x97
 525 0390 70       		.byte	0x70
 526 0391 06       		.uleb128 0x6
 527 0392 8C010000 		.4byte	.LASF77
 528 0396 05       		.byte	0x5
 529 0397 7C       		.byte	0x7c
 530 0398 97000000 		.4byte	0x97
 531 039c 71       		.byte	0x71
 532 039d 06       		.uleb128 0x6
 533 039e A0080000 		.4byte	.LASF78
 534 03a2 05       		.byte	0x5
 535 03a3 7D       		.byte	0x7d
ARM GAS  C:\Users\PC\AppData\Local\Temp\ccUPNCkH.s 			page 13


 536 03a4 97000000 		.4byte	0x97
 537 03a8 72       		.byte	0x72
 538 03a9 06       		.uleb128 0x6
 539 03aa D5040000 		.4byte	.LASF79
 540 03ae 05       		.byte	0x5
 541 03af 7E       		.byte	0x7e
 542 03b0 97000000 		.4byte	0x97
 543 03b4 73       		.byte	0x73
 544 03b5 06       		.uleb128 0x6
 545 03b6 70020000 		.4byte	.LASF80
 546 03ba 05       		.byte	0x5
 547 03bb 80       		.byte	0x80
 548 03bc AD000000 		.4byte	0xad
 549 03c0 74       		.byte	0x74
 550 03c1 06       		.uleb128 0x6
 551 03c2 09070000 		.4byte	.LASF81
 552 03c6 05       		.byte	0x5
 553 03c7 81       		.byte	0x81
 554 03c8 AD000000 		.4byte	0xad
 555 03cc 76       		.byte	0x76
 556 03cd 06       		.uleb128 0x6
 557 03ce 4B020000 		.4byte	.LASF82
 558 03d2 05       		.byte	0x5
 559 03d3 82       		.byte	0x82
 560 03d4 AD000000 		.4byte	0xad
 561 03d8 78       		.byte	0x78
 562 03d9 06       		.uleb128 0x6
 563 03da B3000000 		.4byte	.LASF83
 564 03de 05       		.byte	0x5
 565 03df 83       		.byte	0x83
 566 03e0 AD000000 		.4byte	0xad
 567 03e4 7A       		.byte	0x7a
 568 03e5 06       		.uleb128 0x6
 569 03e6 2A080000 		.4byte	.LASF84
 570 03ea 05       		.byte	0x5
 571 03eb 86       		.byte	0x86
 572 03ec 97000000 		.4byte	0x97
 573 03f0 7C       		.byte	0x7c
 574 03f1 06       		.uleb128 0x6
 575 03f2 BC070000 		.4byte	.LASF85
 576 03f6 05       		.byte	0x5
 577 03f7 87       		.byte	0x87
 578 03f8 97000000 		.4byte	0x97
 579 03fc 7D       		.byte	0x7d
 580 03fd 06       		.uleb128 0x6
 581 03fe 2E000000 		.4byte	.LASF86
 582 0402 05       		.byte	0x5
 583 0403 88       		.byte	0x88
 584 0404 97000000 		.4byte	0x97
 585 0408 7E       		.byte	0x7e
 586 0409 06       		.uleb128 0x6
 587 040a 82020000 		.4byte	.LASF87
 588 040e 05       		.byte	0x5
 589 040f 89       		.byte	0x89
 590 0410 97000000 		.4byte	0x97
 591 0414 7F       		.byte	0x7f
 592 0415 06       		.uleb128 0x6
ARM GAS  C:\Users\PC\AppData\Local\Temp\ccUPNCkH.s 			page 14


 593 0416 DB020000 		.4byte	.LASF88
 594 041a 05       		.byte	0x5
 595 041b 8A       		.byte	0x8a
 596 041c 97000000 		.4byte	0x97
 597 0420 80       		.byte	0x80
 598 0421 06       		.uleb128 0x6
 599 0422 A5070000 		.4byte	.LASF89
 600 0426 05       		.byte	0x5
 601 0427 8D       		.byte	0x8d
 602 0428 B8000000 		.4byte	0xb8
 603 042c 84       		.byte	0x84
 604 042d 06       		.uleb128 0x6
 605 042e C8000000 		.4byte	.LASF90
 606 0432 05       		.byte	0x5
 607 0433 8E       		.byte	0x8e
 608 0434 B8000000 		.4byte	0xb8
 609 0438 88       		.byte	0x88
 610 0439 06       		.uleb128 0x6
 611 043a 15080000 		.4byte	.LASF91
 612 043e 05       		.byte	0x5
 613 043f 8F       		.byte	0x8f
 614 0440 B8000000 		.4byte	0xb8
 615 0444 8C       		.byte	0x8c
 616 0445 06       		.uleb128 0x6
 617 0446 9B040000 		.4byte	.LASF92
 618 044a 05       		.byte	0x5
 619 044b 90       		.byte	0x90
 620 044c B8000000 		.4byte	0xb8
 621 0450 90       		.byte	0x90
 622 0451 06       		.uleb128 0x6
 623 0452 C6020000 		.4byte	.LASF93
 624 0456 05       		.byte	0x5
 625 0457 91       		.byte	0x91
 626 0458 B8000000 		.4byte	0xb8
 627 045c 94       		.byte	0x94
 628 045d 06       		.uleb128 0x6
 629 045e 61040000 		.4byte	.LASF94
 630 0462 05       		.byte	0x5
 631 0463 92       		.byte	0x92
 632 0464 B8000000 		.4byte	0xb8
 633 0468 98       		.byte	0x98
 634 0469 06       		.uleb128 0x6
 635 046a 69080000 		.4byte	.LASF95
 636 046e 05       		.byte	0x5
 637 046f 93       		.byte	0x93
 638 0470 B8000000 		.4byte	0xb8
 639 0474 9C       		.byte	0x9c
 640 0475 06       		.uleb128 0x6
 641 0476 2E010000 		.4byte	.LASF96
 642 047a 05       		.byte	0x5
 643 047b 94       		.byte	0x94
 644 047c B8000000 		.4byte	0xb8
 645 0480 A0       		.byte	0xa0
 646 0481 06       		.uleb128 0x6
 647 0482 B5010000 		.4byte	.LASF97
 648 0486 05       		.byte	0x5
 649 0487 95       		.byte	0x95
ARM GAS  C:\Users\PC\AppData\Local\Temp\ccUPNCkH.s 			page 15


 650 0488 AD000000 		.4byte	0xad
 651 048c A4       		.byte	0xa4
 652 048d 06       		.uleb128 0x6
 653 048e 4C040000 		.4byte	.LASF98
 654 0492 05       		.byte	0x5
 655 0493 96       		.byte	0x96
 656 0494 AD000000 		.4byte	0xad
 657 0498 A6       		.byte	0xa6
 658 0499 06       		.uleb128 0x6
 659 049a 72050000 		.4byte	.LASF99
 660 049e 05       		.byte	0x5
 661 049f 97       		.byte	0x97
 662 04a0 AD000000 		.4byte	0xad
 663 04a4 A8       		.byte	0xa8
 664 04a5 06       		.uleb128 0x6
 665 04a6 F0060000 		.4byte	.LASF100
 666 04aa 05       		.byte	0x5
 667 04ab 98       		.byte	0x98
 668 04ac AD000000 		.4byte	0xad
 669 04b0 AA       		.byte	0xaa
 670 04b1 06       		.uleb128 0x6
 671 04b2 AC030000 		.4byte	.LASF101
 672 04b6 05       		.byte	0x5
 673 04b7 99       		.byte	0x99
 674 04b8 AD000000 		.4byte	0xad
 675 04bc AC       		.byte	0xac
 676 04bd 06       		.uleb128 0x6
 677 04be EC040000 		.4byte	.LASF102
 678 04c2 05       		.byte	0x5
 679 04c3 9A       		.byte	0x9a
 680 04c4 AD000000 		.4byte	0xad
 681 04c8 AE       		.byte	0xae
 682 04c9 06       		.uleb128 0x6
 683 04ca 62070000 		.4byte	.LASF103
 684 04ce 05       		.byte	0x5
 685 04cf 9D       		.byte	0x9d
 686 04d0 AD000000 		.4byte	0xad
 687 04d4 B0       		.byte	0xb0
 688 04d5 06       		.uleb128 0x6
 689 04d6 4B000000 		.4byte	.LASF104
 690 04da 05       		.byte	0x5
 691 04db 9E       		.byte	0x9e
 692 04dc B8000000 		.4byte	0xb8
 693 04e0 B4       		.byte	0xb4
 694 04e1 00       		.byte	0
 695 04e2 03       		.uleb128 0x3
 696 04e3 20040000 		.4byte	.LASF105
 697 04e7 05       		.byte	0x5
 698 04e8 9F       		.byte	0x9f
 699 04e9 D1000000 		.4byte	0xd1
 700 04ed 02       		.uleb128 0x2
 701 04ee 01       		.byte	0x1
 702 04ef 08       		.byte	0x8
 703 04f0 D4060000 		.4byte	.LASF106
 704 04f4 02       		.uleb128 0x2
 705 04f5 04       		.byte	0x4
 706 04f6 04       		.byte	0x4
ARM GAS  C:\Users\PC\AppData\Local\Temp\ccUPNCkH.s 			page 16


 707 04f7 51050000 		.4byte	.LASF107
 708 04fb 02       		.uleb128 0x2
 709 04fc 08       		.byte	0x8
 710 04fd 04       		.byte	0x4
 711 04fe 44020000 		.4byte	.LASF108
 712 0502 02       		.uleb128 0x2
 713 0503 01       		.byte	0x1
 714 0504 02       		.byte	0x2
 715 0505 A5050000 		.4byte	.LASF109
 716 0509 07       		.uleb128 0x7
 717 050a E3010000 		.4byte	.LASF142
 718 050e 64       		.byte	0x64
 719 050f 06       		.byte	0x6
 720 0510 2F       		.byte	0x2f
 721 0511 42060000 		.4byte	0x642
 722 0515 06       		.uleb128 0x6
 723 0516 49050000 		.4byte	.LASF110
 724 051a 06       		.byte	0x6
 725 051b 31       		.byte	0x31
 726 051c B8000000 		.4byte	0xb8
 727 0520 00       		.byte	0
 728 0521 06       		.uleb128 0x6
 729 0522 0F010000 		.4byte	.LASF111
 730 0526 06       		.byte	0x6
 731 0527 33       		.byte	0x33
 732 0528 B8000000 		.4byte	0xb8
 733 052c 04       		.byte	0x4
 734 052d 06       		.uleb128 0x6
 735 052e 8E000000 		.4byte	.LASF112
 736 0532 06       		.byte	0x6
 737 0533 34       		.byte	0x34
 738 0534 B8000000 		.4byte	0xb8
 739 0538 08       		.byte	0x8
 740 0539 06       		.uleb128 0x6
 741 053a 3D040000 		.4byte	.LASF113
 742 053e 06       		.byte	0x6
 743 053f 35       		.byte	0x35
 744 0540 B8000000 		.4byte	0xb8
 745 0544 0C       		.byte	0xc
 746 0545 06       		.uleb128 0x6
 747 0546 12000000 		.4byte	.LASF114
 748 054a 06       		.byte	0x6
 749 054b 36       		.byte	0x36
 750 054c B8000000 		.4byte	0xb8
 751 0550 10       		.byte	0x10
 752 0551 06       		.uleb128 0x6
 753 0552 8C070000 		.4byte	.LASF115
 754 0556 06       		.byte	0x6
 755 0557 37       		.byte	0x37
 756 0558 B8000000 		.4byte	0xb8
 757 055c 14       		.byte	0x14
 758 055d 06       		.uleb128 0x6
 759 055e 94070000 		.4byte	.LASF116
 760 0562 06       		.byte	0x6
 761 0563 38       		.byte	0x38
 762 0564 B8000000 		.4byte	0xb8
 763 0568 18       		.byte	0x18
ARM GAS  C:\Users\PC\AppData\Local\Temp\ccUPNCkH.s 			page 17


 764 0569 06       		.uleb128 0x6
 765 056a EB050000 		.4byte	.LASF117
 766 056e 06       		.byte	0x6
 767 056f 39       		.byte	0x39
 768 0570 02050000 		.4byte	0x502
 769 0574 1C       		.byte	0x1c
 770 0575 06       		.uleb128 0x6
 771 0576 BF060000 		.4byte	.LASF118
 772 057a 06       		.byte	0x6
 773 057b 3A       		.byte	0x3a
 774 057c B8000000 		.4byte	0xb8
 775 0580 20       		.byte	0x20
 776 0581 06       		.uleb128 0x6
 777 0582 9C070000 		.4byte	.LASF119
 778 0586 06       		.byte	0x6
 779 0587 3B       		.byte	0x3b
 780 0588 B8000000 		.4byte	0xb8
 781 058c 24       		.byte	0x24
 782 058d 06       		.uleb128 0x6
 783 058e 49030000 		.4byte	.LASF120
 784 0592 06       		.byte	0x6
 785 0593 3C       		.byte	0x3c
 786 0594 02050000 		.4byte	0x502
 787 0598 28       		.byte	0x28
 788 0599 06       		.uleb128 0x6
 789 059a 29070000 		.4byte	.LASF121
 790 059e 06       		.byte	0x6
 791 059f 3E       		.byte	0x3e
 792 05a0 B8000000 		.4byte	0xb8
 793 05a4 2C       		.byte	0x2c
 794 05a5 06       		.uleb128 0x6
 795 05a6 30040000 		.4byte	.LASF122
 796 05aa 06       		.byte	0x6
 797 05ab 3F       		.byte	0x3f
 798 05ac B8000000 		.4byte	0xb8
 799 05b0 30       		.byte	0x30
 800 05b1 06       		.uleb128 0x6
 801 05b2 E2070000 		.4byte	.LASF123
 802 05b6 06       		.byte	0x6
 803 05b7 40       		.byte	0x40
 804 05b8 B8000000 		.4byte	0xb8
 805 05bc 34       		.byte	0x34
 806 05bd 06       		.uleb128 0x6
 807 05be 94050000 		.4byte	.LASF124
 808 05c2 06       		.byte	0x6
 809 05c3 41       		.byte	0x41
 810 05c4 B8000000 		.4byte	0xb8
 811 05c8 38       		.byte	0x38
 812 05c9 06       		.uleb128 0x6
 813 05ca 8F030000 		.4byte	.LASF125
 814 05ce 06       		.byte	0x6
 815 05cf 42       		.byte	0x42
 816 05d0 B8000000 		.4byte	0xb8
 817 05d4 3C       		.byte	0x3c
 818 05d5 06       		.uleb128 0x6
 819 05d6 FC050000 		.4byte	.LASF126
 820 05da 06       		.byte	0x6
ARM GAS  C:\Users\PC\AppData\Local\Temp\ccUPNCkH.s 			page 18


 821 05db 44       		.byte	0x44
 822 05dc B8000000 		.4byte	0xb8
 823 05e0 40       		.byte	0x40
 824 05e1 06       		.uleb128 0x6
 825 05e2 59080000 		.4byte	.LASF127
 826 05e6 06       		.byte	0x6
 827 05e7 45       		.byte	0x45
 828 05e8 B8000000 		.4byte	0xb8
 829 05ec 44       		.byte	0x44
 830 05ed 06       		.uleb128 0x6
 831 05ee 3A070000 		.4byte	.LASF128
 832 05f2 06       		.byte	0x6
 833 05f3 47       		.byte	0x47
 834 05f4 B8000000 		.4byte	0xb8
 835 05f8 48       		.byte	0x48
 836 05f9 06       		.uleb128 0x6
 837 05fa 70070000 		.4byte	.LASF129
 838 05fe 06       		.byte	0x6
 839 05ff 48       		.byte	0x48
 840 0600 B8000000 		.4byte	0xb8
 841 0604 4C       		.byte	0x4c
 842 0605 06       		.uleb128 0x6
 843 0606 77040000 		.4byte	.LASF130
 844 060a 06       		.byte	0x6
 845 060b 4A       		.byte	0x4a
 846 060c B8000000 		.4byte	0xb8
 847 0610 50       		.byte	0x50
 848 0611 06       		.uleb128 0x6
 849 0612 BA030000 		.4byte	.LASF131
 850 0616 06       		.byte	0x6
 851 0617 4B       		.byte	0x4b
 852 0618 B8000000 		.4byte	0xb8
 853 061c 54       		.byte	0x54
 854 061d 06       		.uleb128 0x6
 855 061e 41000000 		.4byte	.LASF132
 856 0622 06       		.byte	0x6
 857 0623 4D       		.byte	0x4d
 858 0624 B8000000 		.4byte	0xb8
 859 0628 58       		.byte	0x58
 860 0629 06       		.uleb128 0x6
 861 062a 7F080000 		.4byte	.LASF133
 862 062e 06       		.byte	0x6
 863 062f 4E       		.byte	0x4e
 864 0630 B8000000 		.4byte	0xb8
 865 0634 5C       		.byte	0x5c
 866 0635 06       		.uleb128 0x6
 867 0636 D9060000 		.4byte	.LASF134
 868 063a 06       		.byte	0x6
 869 063b 50       		.byte	0x50
 870 063c B8000000 		.4byte	0xb8
 871 0640 60       		.byte	0x60
 872 0641 00       		.byte	0
 873 0642 03       		.uleb128 0x3
 874 0643 3F080000 		.4byte	.LASF135
 875 0647 06       		.byte	0x6
 876 0648 51       		.byte	0x51
 877 0649 09050000 		.4byte	0x509
ARM GAS  C:\Users\PC\AppData\Local\Temp\ccUPNCkH.s 			page 19


 878 064d 08       		.uleb128 0x8
 879 064e 3C050000 		.4byte	.LASF143
 880 0652 02       		.byte	0x2
 881 0653 81       		.byte	0x81
 882 0654 03       		.byte	0x3
 883 0655 09       		.uleb128 0x9
 884 0656 6B020000 		.4byte	.LASF144
 885 065a 01       		.byte	0x1
 886 065b 0E       		.byte	0xe
 887 065c 89000000 		.4byte	0x89
 888 0660 00000000 		.4byte	.LFB360
 889 0664 10000000 		.4byte	.LFE360-.LFB360
 890 0668 01       		.uleb128 0x1
 891 0669 9C       		.byte	0x9c
 892 066a 91060000 		.4byte	0x691
 893 066e 0A       		.uleb128 0xa
 894 066f 4D060000 		.4byte	0x64d
 895 0673 02000000 		.4byte	.LBB4
 896 0677 02000000 		.4byte	.LBE4-.LBB4
 897 067b 01       		.byte	0x1
 898 067c 10       		.byte	0x10
 899 067d 0B       		.uleb128 0xb
 900 067e 0A000000 		.4byte	.LVL0
 901 0682 C2060000 		.4byte	0x6c2
 902 0686 0C       		.uleb128 0xc
 903 0687 01       		.uleb128 0x1
 904 0688 50       		.byte	0x50
 905 0689 05       		.uleb128 0x5
 906 068a 0C       		.byte	0xc
 907 068b 00000810 		.4byte	0x10080000
 908 068f 00       		.byte	0
 909 0690 00       		.byte	0
 910 0691 0D       		.uleb128 0xd
 911 0692 68050000 		.4byte	.LASF136
 912 0696 05       		.byte	0x5
 913 0697 A7       		.byte	0xa7
 914 0698 9C060000 		.4byte	0x69c
 915 069c 0E       		.uleb128 0xe
 916 069d 04       		.byte	0x4
 917 069e A2060000 		.4byte	0x6a2
 918 06a2 0F       		.uleb128 0xf
 919 06a3 E2040000 		.4byte	0x4e2
 920 06a7 0D       		.uleb128 0xd
 921 06a8 12020000 		.4byte	.LASF137
 922 06ac 07       		.byte	0x7
 923 06ad 1F       		.byte	0x1f
 924 06ae B2060000 		.4byte	0x6b2
 925 06b2 0F       		.uleb128 0xf
 926 06b3 42060000 		.4byte	0x642
 927 06b7 0D       		.uleb128 0xd
 928 06b8 08080000 		.4byte	.LASF138
 929 06bc 08       		.byte	0x8
 930 06bd 1F       		.byte	0x1f
 931 06be B2060000 		.4byte	0x6b2
 932 06c2 10       		.uleb128 0x10
 933 06c3 D5030000 		.4byte	.LASF145
 934 06c7 D5030000 		.4byte	.LASF145
ARM GAS  C:\Users\PC\AppData\Local\Temp\ccUPNCkH.s 			page 20


 935 06cb 09       		.byte	0x9
 936 06cc 2502     		.2byte	0x225
 937 06ce 00       		.byte	0
 938              		.section	.debug_abbrev,"",%progbits
 939              	.Ldebug_abbrev0:
 940 0000 01       		.uleb128 0x1
 941 0001 11       		.uleb128 0x11
 942 0002 01       		.byte	0x1
 943 0003 25       		.uleb128 0x25
 944 0004 0E       		.uleb128 0xe
 945 0005 13       		.uleb128 0x13
 946 0006 0B       		.uleb128 0xb
 947 0007 03       		.uleb128 0x3
 948 0008 0E       		.uleb128 0xe
 949 0009 1B       		.uleb128 0x1b
 950 000a 0E       		.uleb128 0xe
 951 000b 55       		.uleb128 0x55
 952 000c 17       		.uleb128 0x17
 953 000d 11       		.uleb128 0x11
 954 000e 01       		.uleb128 0x1
 955 000f 10       		.uleb128 0x10
 956 0010 17       		.uleb128 0x17
 957 0011 00       		.byte	0
 958 0012 00       		.byte	0
 959 0013 02       		.uleb128 0x2
 960 0014 24       		.uleb128 0x24
 961 0015 00       		.byte	0
 962 0016 0B       		.uleb128 0xb
 963 0017 0B       		.uleb128 0xb
 964 0018 3E       		.uleb128 0x3e
 965 0019 0B       		.uleb128 0xb
 966 001a 03       		.uleb128 0x3
 967 001b 0E       		.uleb128 0xe
 968 001c 00       		.byte	0
 969 001d 00       		.byte	0
 970 001e 03       		.uleb128 0x3
 971 001f 16       		.uleb128 0x16
 972 0020 00       		.byte	0
 973 0021 03       		.uleb128 0x3
 974 0022 0E       		.uleb128 0xe
 975 0023 3A       		.uleb128 0x3a
 976 0024 0B       		.uleb128 0xb
 977 0025 3B       		.uleb128 0x3b
 978 0026 0B       		.uleb128 0xb
 979 0027 49       		.uleb128 0x49
 980 0028 13       		.uleb128 0x13
 981 0029 00       		.byte	0
 982 002a 00       		.byte	0
 983 002b 04       		.uleb128 0x4
 984 002c 24       		.uleb128 0x24
 985 002d 00       		.byte	0
 986 002e 0B       		.uleb128 0xb
 987 002f 0B       		.uleb128 0xb
 988 0030 3E       		.uleb128 0x3e
 989 0031 0B       		.uleb128 0xb
 990 0032 03       		.uleb128 0x3
 991 0033 08       		.uleb128 0x8
ARM GAS  C:\Users\PC\AppData\Local\Temp\ccUPNCkH.s 			page 21


 992 0034 00       		.byte	0
 993 0035 00       		.byte	0
 994 0036 05       		.uleb128 0x5
 995 0037 13       		.uleb128 0x13
 996 0038 01       		.byte	0x1
 997 0039 0B       		.uleb128 0xb
 998 003a 0B       		.uleb128 0xb
 999 003b 3A       		.uleb128 0x3a
 1000 003c 0B       		.uleb128 0xb
 1001 003d 3B       		.uleb128 0x3b
 1002 003e 0B       		.uleb128 0xb
 1003 003f 01       		.uleb128 0x1
 1004 0040 13       		.uleb128 0x13
 1005 0041 00       		.byte	0
 1006 0042 00       		.byte	0
 1007 0043 06       		.uleb128 0x6
 1008 0044 0D       		.uleb128 0xd
 1009 0045 00       		.byte	0
 1010 0046 03       		.uleb128 0x3
 1011 0047 0E       		.uleb128 0xe
 1012 0048 3A       		.uleb128 0x3a
 1013 0049 0B       		.uleb128 0xb
 1014 004a 3B       		.uleb128 0x3b
 1015 004b 0B       		.uleb128 0xb
 1016 004c 49       		.uleb128 0x49
 1017 004d 13       		.uleb128 0x13
 1018 004e 38       		.uleb128 0x38
 1019 004f 0B       		.uleb128 0xb
 1020 0050 00       		.byte	0
 1021 0051 00       		.byte	0
 1022 0052 07       		.uleb128 0x7
 1023 0053 13       		.uleb128 0x13
 1024 0054 01       		.byte	0x1
 1025 0055 03       		.uleb128 0x3
 1026 0056 0E       		.uleb128 0xe
 1027 0057 0B       		.uleb128 0xb
 1028 0058 0B       		.uleb128 0xb
 1029 0059 3A       		.uleb128 0x3a
 1030 005a 0B       		.uleb128 0xb
 1031 005b 3B       		.uleb128 0x3b
 1032 005c 0B       		.uleb128 0xb
 1033 005d 01       		.uleb128 0x1
 1034 005e 13       		.uleb128 0x13
 1035 005f 00       		.byte	0
 1036 0060 00       		.byte	0
 1037 0061 08       		.uleb128 0x8
 1038 0062 2E       		.uleb128 0x2e
 1039 0063 00       		.byte	0
 1040 0064 03       		.uleb128 0x3
 1041 0065 0E       		.uleb128 0xe
 1042 0066 3A       		.uleb128 0x3a
 1043 0067 0B       		.uleb128 0xb
 1044 0068 3B       		.uleb128 0x3b
 1045 0069 0B       		.uleb128 0xb
 1046 006a 27       		.uleb128 0x27
 1047 006b 19       		.uleb128 0x19
 1048 006c 20       		.uleb128 0x20
ARM GAS  C:\Users\PC\AppData\Local\Temp\ccUPNCkH.s 			page 22


 1049 006d 0B       		.uleb128 0xb
 1050 006e 00       		.byte	0
 1051 006f 00       		.byte	0
 1052 0070 09       		.uleb128 0x9
 1053 0071 2E       		.uleb128 0x2e
 1054 0072 01       		.byte	0x1
 1055 0073 3F       		.uleb128 0x3f
 1056 0074 19       		.uleb128 0x19
 1057 0075 03       		.uleb128 0x3
 1058 0076 0E       		.uleb128 0xe
 1059 0077 3A       		.uleb128 0x3a
 1060 0078 0B       		.uleb128 0xb
 1061 0079 3B       		.uleb128 0x3b
 1062 007a 0B       		.uleb128 0xb
 1063 007b 27       		.uleb128 0x27
 1064 007c 19       		.uleb128 0x19
 1065 007d 49       		.uleb128 0x49
 1066 007e 13       		.uleb128 0x13
 1067 007f 8701     		.uleb128 0x87
 1068 0081 19       		.uleb128 0x19
 1069 0082 11       		.uleb128 0x11
 1070 0083 01       		.uleb128 0x1
 1071 0084 12       		.uleb128 0x12
 1072 0085 06       		.uleb128 0x6
 1073 0086 40       		.uleb128 0x40
 1074 0087 18       		.uleb128 0x18
 1075 0088 9742     		.uleb128 0x2117
 1076 008a 19       		.uleb128 0x19
 1077 008b 01       		.uleb128 0x1
 1078 008c 13       		.uleb128 0x13
 1079 008d 00       		.byte	0
 1080 008e 00       		.byte	0
 1081 008f 0A       		.uleb128 0xa
 1082 0090 1D       		.uleb128 0x1d
 1083 0091 00       		.byte	0
 1084 0092 31       		.uleb128 0x31
 1085 0093 13       		.uleb128 0x13
 1086 0094 11       		.uleb128 0x11
 1087 0095 01       		.uleb128 0x1
 1088 0096 12       		.uleb128 0x12
 1089 0097 06       		.uleb128 0x6
 1090 0098 58       		.uleb128 0x58
 1091 0099 0B       		.uleb128 0xb
 1092 009a 59       		.uleb128 0x59
 1093 009b 0B       		.uleb128 0xb
 1094 009c 00       		.byte	0
 1095 009d 00       		.byte	0
 1096 009e 0B       		.uleb128 0xb
 1097 009f 898201   		.uleb128 0x4109
 1098 00a2 01       		.byte	0x1
 1099 00a3 11       		.uleb128 0x11
 1100 00a4 01       		.uleb128 0x1
 1101 00a5 31       		.uleb128 0x31
 1102 00a6 13       		.uleb128 0x13
 1103 00a7 00       		.byte	0
 1104 00a8 00       		.byte	0
 1105 00a9 0C       		.uleb128 0xc
ARM GAS  C:\Users\PC\AppData\Local\Temp\ccUPNCkH.s 			page 23


 1106 00aa 8A8201   		.uleb128 0x410a
 1107 00ad 00       		.byte	0
 1108 00ae 02       		.uleb128 0x2
 1109 00af 18       		.uleb128 0x18
 1110 00b0 9142     		.uleb128 0x2111
 1111 00b2 18       		.uleb128 0x18
 1112 00b3 00       		.byte	0
 1113 00b4 00       		.byte	0
 1114 00b5 0D       		.uleb128 0xd
 1115 00b6 34       		.uleb128 0x34
 1116 00b7 00       		.byte	0
 1117 00b8 03       		.uleb128 0x3
 1118 00b9 0E       		.uleb128 0xe
 1119 00ba 3A       		.uleb128 0x3a
 1120 00bb 0B       		.uleb128 0xb
 1121 00bc 3B       		.uleb128 0x3b
 1122 00bd 0B       		.uleb128 0xb
 1123 00be 49       		.uleb128 0x49
 1124 00bf 13       		.uleb128 0x13
 1125 00c0 3F       		.uleb128 0x3f
 1126 00c1 19       		.uleb128 0x19
 1127 00c2 3C       		.uleb128 0x3c
 1128 00c3 19       		.uleb128 0x19
 1129 00c4 00       		.byte	0
 1130 00c5 00       		.byte	0
 1131 00c6 0E       		.uleb128 0xe
 1132 00c7 0F       		.uleb128 0xf
 1133 00c8 00       		.byte	0
 1134 00c9 0B       		.uleb128 0xb
 1135 00ca 0B       		.uleb128 0xb
 1136 00cb 49       		.uleb128 0x49
 1137 00cc 13       		.uleb128 0x13
 1138 00cd 00       		.byte	0
 1139 00ce 00       		.byte	0
 1140 00cf 0F       		.uleb128 0xf
 1141 00d0 26       		.uleb128 0x26
 1142 00d1 00       		.byte	0
 1143 00d2 49       		.uleb128 0x49
 1144 00d3 13       		.uleb128 0x13
 1145 00d4 00       		.byte	0
 1146 00d5 00       		.byte	0
 1147 00d6 10       		.uleb128 0x10
 1148 00d7 2E       		.uleb128 0x2e
 1149 00d8 00       		.byte	0
 1150 00d9 3F       		.uleb128 0x3f
 1151 00da 19       		.uleb128 0x19
 1152 00db 3C       		.uleb128 0x3c
 1153 00dc 19       		.uleb128 0x19
 1154 00dd 6E       		.uleb128 0x6e
 1155 00de 0E       		.uleb128 0xe
 1156 00df 03       		.uleb128 0x3
 1157 00e0 0E       		.uleb128 0xe
 1158 00e1 3A       		.uleb128 0x3a
 1159 00e2 0B       		.uleb128 0xb
 1160 00e3 3B       		.uleb128 0x3b
 1161 00e4 05       		.uleb128 0x5
 1162 00e5 00       		.byte	0
ARM GAS  C:\Users\PC\AppData\Local\Temp\ccUPNCkH.s 			page 24


 1163 00e6 00       		.byte	0
 1164 00e7 00       		.byte	0
 1165              		.section	.debug_aranges,"",%progbits
 1166 0000 1C000000 		.4byte	0x1c
 1167 0004 0200     		.2byte	0x2
 1168 0006 00000000 		.4byte	.Ldebug_info0
 1169 000a 04       		.byte	0x4
 1170 000b 00       		.byte	0
 1171 000c 0000     		.2byte	0
 1172 000e 0000     		.2byte	0
 1173 0010 00000000 		.4byte	.LFB360
 1174 0014 10000000 		.4byte	.LFE360-.LFB360
 1175 0018 00000000 		.4byte	0
 1176 001c 00000000 		.4byte	0
 1177              		.section	.debug_ranges,"",%progbits
 1178              	.Ldebug_ranges0:
 1179 0000 00000000 		.4byte	.LFB360
 1180 0004 10000000 		.4byte	.LFE360
 1181 0008 00000000 		.4byte	0
 1182 000c 00000000 		.4byte	0
 1183              		.section	.debug_line,"",%progbits
 1184              	.Ldebug_line0:
 1185 0000 43020000 		.section	.debug_str,"MS",%progbits,1
 1185      02002202 
 1185      00000201 
 1185      FB0E0D00 
 1185      01010101 
 1186              	.LASF54:
 1187 0000 70726F74 		.ascii	"protBusMasterMask\000"
 1187      4275734D 
 1187      61737465 
 1187      724D6173 
 1187      6B00
 1188              	.LASF114:
 1189 0012 72756E4D 		.ascii	"runMode\000"
 1189      6F646500 
 1190              	.LASF64:
 1191 001a 666C6173 		.ascii	"flashCtlMainWs3Freq\000"
 1191      6843746C 
 1191      4D61696E 
 1191      57733346 
 1191      72657100 
 1192              	.LASF86:
 1193 002e 6770696F 		.ascii	"gpioPrtCfgInOffset\000"
 1193      50727443 
 1193      6667496E 
 1193      4F666673 
 1193      657400
 1194              	.LASF132:
 1195 0041 6B696C6C 		.ascii	"killInput\000"
 1195      496E7075 
 1195      7400
 1196              	.LASF104:
 1197 004b 6970634C 		.ascii	"ipcLockStatusOffset\000"
 1197      6F636B53 
 1197      74617475 
 1197      734F6666 
ARM GAS  C:\Users\PC\AppData\Local\Temp\ccUPNCkH.s 			page 25


 1197      73657400 
 1198              	.LASF30:
 1199 005f 63727970 		.ascii	"cryptoVersion\000"
 1199      746F5665 
 1199      7273696F 
 1199      6E00
 1200              	.LASF48:
 1201 006d 70657269 		.ascii	"periClockNr\000"
 1201      436C6F63 
 1201      6B4E7200 
 1202              	.LASF26:
 1203 0079 70617373 		.ascii	"passBase\000"
 1203      42617365 
 1203      00
 1204              	.LASF140:
 1205 0082 6D61696E 		.ascii	"main_cm0p.c\000"
 1205      5F636D30 
 1205      702E6300 
 1206              	.LASF112:
 1207 008e 70776D41 		.ascii	"pwmAlignment\000"
 1207      6C69676E 
 1207      6D656E74 
 1207      00
 1208              	.LASF39:
 1209 009b 63707573 		.ascii	"cpussIpcIrqNr\000"
 1209      73497063 
 1209      4972714E 
 1209      7200
 1210              	.LASF3:
 1211 00a9 5F5F7569 		.ascii	"__uint8_t\000"
 1211      6E74385F 
 1211      7400
 1212              	.LASF83:
 1213 00b3 70657269 		.ascii	"periDiv24_5CtlOffset\000"
 1213      44697632 
 1213      345F3543 
 1213      746C4F66 
 1213      66736574 
 1214              	.LASF90:
 1215 00c8 63707573 		.ascii	"cpussCm4ClockCtlOffset\000"
 1215      73436D34 
 1215      436C6F63 
 1215      6B43746C 
 1215      4F666673 
 1216              	.LASF19:
 1217 00df 63707573 		.ascii	"cpussBase\000"
 1217      73426173 
 1217      6500
 1218              	.LASF68:
 1219 00e9 64774368 		.ascii	"dwChCtlPrioPos\000"
 1219      43746C50 
 1219      72696F50 
 1219      6F7300
 1220              	.LASF11:
 1221 00f8 6C6F6E67 		.ascii	"long long unsigned int\000"
 1221      206C6F6E 
 1221      6720756E 
ARM GAS  C:\Users\PC\AppData\Local\Temp\ccUPNCkH.s 			page 26


 1221      7369676E 
 1221      65642069 
 1222              	.LASF111:
 1223 010f 636C6F63 		.ascii	"clockPrescaler\000"
 1223      6B507265 
 1223      7363616C 
 1223      657200
 1224              	.LASF72:
 1225 011e 70657269 		.ascii	"periTrCmdOffset\000"
 1225      5472436D 
 1225      644F6666 
 1225      73657400 
 1226              	.LASF96:
 1227 012e 63707573 		.ascii	"cpussSysTickCtlOffset\000"
 1227      73537973 
 1227      5469636B 
 1227      43746C4F 
 1227      66667365 
 1228              	.LASF57:
 1229 0144 666C6173 		.ascii	"flashPipeRequired\000"
 1229      68506970 
 1229      65526571 
 1229      75697265 
 1229      6400
 1230              	.LASF61:
 1231 0156 666C6173 		.ascii	"flashCtlMainWs0Freq\000"
 1231      6843746C 
 1231      4D61696E 
 1231      57733046 
 1231      72657100 
 1232              	.LASF14:
 1233 016a 696E7431 		.ascii	"int16_t\000"
 1233      365F7400 
 1234              	.LASF10:
 1235 0172 6C6F6E67 		.ascii	"long long int\000"
 1235      206C6F6E 
 1235      6720696E 
 1235      7400
 1236              	.LASF2:
 1237 0180 7369676E 		.ascii	"signed char\000"
 1237      65642063 
 1237      68617200 
 1238              	.LASF77:
 1239 018c 70657269 		.ascii	"periDivCmdTypeSelPos\000"
 1239      44697643 
 1239      6D645479 
 1239      70655365 
 1239      6C506F73 
 1240              	.LASF23:
 1241 01a1 70726F74 		.ascii	"protBase\000"
 1241      42617365 
 1241      00
 1242              	.LASF35:
 1243 01aa 69706356 		.ascii	"ipcVersion\000"
 1243      65727369 
 1243      6F6E00
 1244              	.LASF97:
ARM GAS  C:\Users\PC\AppData\Local\Temp\ccUPNCkH.s 			page 27


 1245 01b5 63707573 		.ascii	"cpussCm0NmiCtlOffset\000"
 1245      73436D30 
 1245      4E6D6943 
 1245      746C4F66 
 1245      66736574 
 1246              	.LASF45:
 1247 01ca 73727373 		.ascii	"srssNumClkpath\000"
 1247      4E756D43 
 1247      6C6B7061 
 1247      746800
 1248              	.LASF24:
 1249 01d9 6873696F 		.ascii	"hsiomBase\000"
 1249      6D426173 
 1249      6500
 1250              	.LASF142:
 1251 01e3 63795F73 		.ascii	"cy_stc_tcpwm_pwm_config\000"
 1251      74635F74 
 1251      6370776D 
 1251      5F70776D 
 1251      5F636F6E 
 1252              	.LASF7:
 1253 01fb 6C6F6E67 		.ascii	"long int\000"
 1253      20696E74 
 1253      00
 1254              	.LASF55:
 1255 0204 63727970 		.ascii	"cryptoMemSize\000"
 1255      746F4D65 
 1255      6D53697A 
 1255      6500
 1256              	.LASF137:
 1257 0212 50574D5F 		.ascii	"PWM_1_config\000"
 1257      315F636F 
 1257      6E666967 
 1257      00
 1258              	.LASF21:
 1259 021f 70657269 		.ascii	"periBase\000"
 1259      42617365 
 1259      00
 1260              	.LASF53:
 1261 0228 73797350 		.ascii	"sysPmSimoPresent\000"
 1261      6D53696D 
 1261      6F507265 
 1261      73656E74 
 1261      00
 1262              	.LASF43:
 1263 0239 63707573 		.ascii	"cpussFmIrq\000"
 1263      73466D49 
 1263      727100
 1264              	.LASF108:
 1265 0244 646F7562 		.ascii	"double\000"
 1265      6C6500
 1266              	.LASF82:
 1267 024b 70657269 		.ascii	"periDiv16_5CtlOffset\000"
 1267      44697631 
 1267      365F3543 
 1267      746C4F66 
 1267      66736574 
ARM GAS  C:\Users\PC\AppData\Local\Temp\ccUPNCkH.s 			page 28


 1268              	.LASF46:
 1269 0260 73727373 		.ascii	"srssNumPll\000"
 1269      4E756D50 
 1269      6C6C00
 1270              	.LASF144:
 1271 026b 6D61696E 		.ascii	"main\000"
 1271      00
 1272              	.LASF80:
 1273 0270 70657269 		.ascii	"periDiv8CtlOffset\000"
 1273      44697638 
 1273      43746C4F 
 1273      66667365 
 1273      7400
 1274              	.LASF87:
 1275 0282 6770696F 		.ascii	"gpioPrtCfgOutOffset\000"
 1275      50727443 
 1275      66674F75 
 1275      744F6666 
 1275      73657400 
 1276              	.LASF20:
 1277 0296 666C6173 		.ascii	"flashcBase\000"
 1277      68634261 
 1277      736500
 1278              	.LASF8:
 1279 02a1 5F5F7569 		.ascii	"__uint32_t\000"
 1279      6E743332 
 1279      5F7400
 1280              	.LASF50:
 1281 02ac 70617373 		.ascii	"passSarChannels\000"
 1281      53617243 
 1281      68616E6E 
 1281      656C7300 
 1282              	.LASF4:
 1283 02bc 5F5F696E 		.ascii	"__int16_t\000"
 1283      7431365F 
 1283      7400
 1284              	.LASF93:
 1285 02c6 63707573 		.ascii	"cpussCm4PwrCtlOffset\000"
 1285      73436D34 
 1285      50777243 
 1285      746C4F66 
 1285      66736574 
 1286              	.LASF88:
 1287 02db 6770696F 		.ascii	"gpioPrtCfgSioOffset\000"
 1287      50727443 
 1287      66675369 
 1287      6F4F6666 
 1287      73657400 
 1288              	.LASF40:
 1289 02ef 63707573 		.ascii	"cpussDwChNr\000"
 1289      73447743 
 1289      684E7200 
 1290              	.LASF12:
 1291 02fb 756E7369 		.ascii	"unsigned int\000"
 1291      676E6564 
 1291      20696E74 
 1291      00
ARM GAS  C:\Users\PC\AppData\Local\Temp\ccUPNCkH.s 			page 29


 1292              	.LASF15:
 1293 0308 75696E74 		.ascii	"uint16_t\000"
 1293      31365F74 
 1293      00
 1294              	.LASF73:
 1295 0311 70657269 		.ascii	"periTrCmdGrSelMsk\000"
 1295      5472436D 
 1295      64477253 
 1295      656C4D73 
 1295      6B00
 1296              	.LASF62:
 1297 0323 666C6173 		.ascii	"flashCtlMainWs1Freq\000"
 1297      6843746C 
 1297      4D61696E 
 1297      57733146 
 1297      72657100 
 1298              	.LASF9:
 1299 0337 6C6F6E67 		.ascii	"long unsigned int\000"
 1299      20756E73 
 1299      69676E65 
 1299      6420696E 
 1299      7400
 1300              	.LASF120:
 1301 0349 656E6162 		.ascii	"enableCompareSwap\000"
 1301      6C65436F 
 1301      6D706172 
 1301      65537761 
 1301      7000
 1302              	.LASF38:
 1303 035b 63707573 		.ascii	"cpussIpcNr\000"
 1303      73497063 
 1303      4E7200
 1304              	.LASF25:
 1305 0366 6770696F 		.ascii	"gpioBase\000"
 1305      42617365 
 1305      00
 1306              	.LASF51:
 1307 036f 65704D6F 		.ascii	"epMonitorNr\000"
 1307      6E69746F 
 1307      724E7200 
 1308              	.LASF63:
 1309 037b 666C6173 		.ascii	"flashCtlMainWs2Freq\000"
 1309      6843746C 
 1309      4D61696E 
 1309      57733246 
 1309      72657100 
 1310              	.LASF125:
 1311 038f 73776170 		.ascii	"swapInputMode\000"
 1311      496E7075 
 1311      744D6F64 
 1311      6500
 1312              	.LASF74:
 1313 039d 70657269 		.ascii	"periTrGrOffset\000"
 1313      54724772 
 1313      4F666673 
 1313      657400
 1314              	.LASF101:
ARM GAS  C:\Users\PC\AppData\Local\Temp\ccUPNCkH.s 			page 30


 1315 03ac 63707573 		.ascii	"cpussRam1Ctl0\000"
 1315      7352616D 
 1315      3143746C 
 1315      3000
 1316              	.LASF131:
 1317 03ba 6B696C6C 		.ascii	"killInputMode\000"
 1317      496E7075 
 1317      744D6F64 
 1317      6500
 1318              	.LASF75:
 1319 03c8 70657269 		.ascii	"periTrGrSize\000"
 1319      54724772 
 1319      53697A65 
 1319      00
 1320              	.LASF145:
 1321 03d5 43795F53 		.ascii	"Cy_SysEnableCM4\000"
 1321      7973456E 
 1321      61626C65 
 1321      434D3400 
 1322              	.LASF33:
 1323 03e5 6770696F 		.ascii	"gpioVersion\000"
 1323      56657273 
 1323      696F6E00 
 1324              	.LASF141:
 1325 03f1 433A5C55 		.ascii	"C:\\Users\\PC\\Desktop\\Workspace01\\Design01.cydsn"
 1325      73657273 
 1325      5C50435C 
 1325      4465736B 
 1325      746F705C 
 1326 041f 00       		.ascii	"\000"
 1327              	.LASF105:
 1328 0420 63795F73 		.ascii	"cy_stc_device_t\000"
 1328      74635F64 
 1328      65766963 
 1328      655F7400 
 1329              	.LASF122:
 1330 0430 696E7665 		.ascii	"invertPWMOut\000"
 1330      72745057 
 1330      4D4F7574 
 1330      00
 1331              	.LASF113:
 1332 043d 64656164 		.ascii	"deadTimeClocks\000"
 1332      54696D65 
 1332      436C6F63 
 1332      6B7300
 1333              	.LASF98:
 1334 044c 63707573 		.ascii	"cpussCm4NmiCtlOffset\000"
 1334      73436D34 
 1334      4E6D6943 
 1334      746C4F66 
 1334      66736574 
 1335              	.LASF94:
 1336 0461 63707573 		.ascii	"cpussTrimRamCtlOffset\000"
 1336      73547269 
 1336      6D52616D 
 1336      43746C4F 
 1336      66667365 
ARM GAS  C:\Users\PC\AppData\Local\Temp\ccUPNCkH.s 			page 31


 1337              	.LASF130:
 1338 0477 73746172 		.ascii	"startInput\000"
 1338      74496E70 
 1338      757400
 1339              	.LASF29:
 1340 0482 63707573 		.ascii	"cpussVersion\000"
 1340      73566572 
 1340      73696F6E 
 1340      00
 1341              	.LASF36:
 1342 048f 70657269 		.ascii	"periVersion\000"
 1342      56657273 
 1342      696F6E00 
 1343              	.LASF92:
 1344 049b 63707573 		.ascii	"cpussCm0StatusOffset\000"
 1344      73436D30 
 1344      53746174 
 1344      75734F66 
 1344      66736574 
 1345              	.LASF17:
 1346 04b0 73697A65 		.ascii	"sizetype\000"
 1346      74797065 
 1346      00
 1347              	.LASF66:
 1348 04b9 64774368 		.ascii	"dwChOffset\000"
 1348      4F666673 
 1348      657400
 1349              	.LASF41:
 1350 04c4 63707573 		.ascii	"cpussFlashPaSize\000"
 1350      73466C61 
 1350      73685061 
 1350      53697A65 
 1350      00
 1351              	.LASF79:
 1352 04d5 70657269 		.ascii	"periDivCmdPaTypeSelPos\000"
 1352      44697643 
 1352      6D645061 
 1352      54797065 
 1352      53656C50 
 1353              	.LASF102:
 1354 04ec 63707573 		.ascii	"cpussRam2Ctl0\000"
 1354      7352616D 
 1354      3243746C 
 1354      3000
 1355              	.LASF70:
 1356 04fa 64775374 		.ascii	"dwStatusChIdxPos\000"
 1356      61747573 
 1356      43684964 
 1356      78506F73 
 1356      00
 1357              	.LASF52:
 1358 050b 75646250 		.ascii	"udbPresent\000"
 1358      72657365 
 1358      6E7400
 1359              	.LASF32:
 1360 0516 666C6173 		.ascii	"flashcVersion\000"
 1360      68635665 
ARM GAS  C:\Users\PC\AppData\Local\Temp\ccUPNCkH.s 			page 32


 1360      7273696F 
 1360      6E00
 1361              	.LASF28:
 1362 0524 63727970 		.ascii	"cryptoBase\000"
 1362      746F4261 
 1362      736500
 1363              	.LASF49:
 1364 052f 736D6966 		.ascii	"smifDeviceNr\000"
 1364      44657669 
 1364      63654E72 
 1364      00
 1365              	.LASF143:
 1366 053c 5F5F656E 		.ascii	"__enable_irq\000"
 1366      61626C65 
 1366      5F697271 
 1366      00
 1367              	.LASF110:
 1368 0549 70776D4D 		.ascii	"pwmMode\000"
 1368      6F646500 
 1369              	.LASF107:
 1370 0551 666C6F61 		.ascii	"float\000"
 1370      7400
 1371              	.LASF71:
 1372 0557 64775374 		.ascii	"dwStatusChIdxMsk\000"
 1372      61747573 
 1372      43684964 
 1372      784D736B 
 1372      00
 1373              	.LASF136:
 1374 0568 63795F64 		.ascii	"cy_device\000"
 1374      65766963 
 1374      6500
 1375              	.LASF99:
 1376 0572 63707573 		.ascii	"cpussRomCtl\000"
 1376      73526F6D 
 1376      43746C00 
 1377              	.LASF69:
 1378 057e 64774368 		.ascii	"dwChCtlPreemptablePos\000"
 1378      43746C50 
 1378      7265656D 
 1378      70746162 
 1378      6C65506F 
 1379              	.LASF124:
 1380 0594 6B696C6C 		.ascii	"killMode\000"
 1380      4D6F6465 
 1380      00
 1381              	.LASF22:
 1382 059d 75646242 		.ascii	"udbBase\000"
 1382      61736500 
 1383              	.LASF109:
 1384 05a5 5F426F6F 		.ascii	"_Bool\000"
 1384      6C00
 1385              	.LASF1:
 1386 05ab 756E7369 		.ascii	"unsigned char\000"
 1386      676E6564 
 1386      20636861 
 1386      7200
ARM GAS  C:\Users\PC\AppData\Local\Temp\ccUPNCkH.s 			page 33


 1387              	.LASF65:
 1388 05b9 666C6173 		.ascii	"flashCtlMainWs4Freq\000"
 1388      6843746C 
 1388      4D61696E 
 1388      57733446 
 1388      72657100 
 1389              	.LASF0:
 1390 05cd 73686F72 		.ascii	"short int\000"
 1390      7420696E 
 1390      7400
 1391              	.LASF76:
 1392 05d7 70657269 		.ascii	"periDivCmdDivSelMsk\000"
 1392      44697643 
 1392      6D644469 
 1392      7653656C 
 1392      4D736B00 
 1393              	.LASF117:
 1394 05eb 656E6162 		.ascii	"enablePeriodSwap\000"
 1394      6C655065 
 1394      72696F64 
 1394      53776170 
 1394      00
 1395              	.LASF126:
 1396 05fc 73776170 		.ascii	"swapInput\000"
 1396      496E7075 
 1396      7400
 1397              	.LASF47:
 1398 0606 73727373 		.ascii	"srssNumHfroot\000"
 1398      4E756D48 
 1398      66726F6F 
 1398      7400
 1399              	.LASF60:
 1400 0614 666C6173 		.ascii	"flashEraseDelay\000"
 1400      68457261 
 1400      73654465 
 1400      6C617900 
 1401              	.LASF16:
 1402 0624 75696E74 		.ascii	"uint32_t\000"
 1402      33325F74 
 1402      00
 1403              	.LASF139:
 1404 062d 474E5520 		.ascii	"GNU C11 5.4.1 20160609 (release) [ARM/embedded-5-br"
 1404      43313120 
 1404      352E342E 
 1404      31203230 
 1404      31363036 
 1405 0660 616E6368 		.ascii	"anch revision 237715] -mcpu=cortex-m0plus -mthumb -"
 1405      20726576 
 1405      6973696F 
 1405      6E203233 
 1405      37373135 
 1406 0693 67202D4F 		.ascii	"g -Og -ffunction-sections -ffat-lto-objects\000"
 1406      67202D66 
 1406      66756E63 
 1406      74696F6E 
 1406      2D736563 
 1407              	.LASF118:
ARM GAS  C:\Users\PC\AppData\Local\Temp\ccUPNCkH.s 			page 34


 1408 06bf 636F6D70 		.ascii	"compare0\000"
 1408      61726530 
 1408      00
 1409              	.LASF18:
 1410 06c8 6C6F6E67 		.ascii	"long double\000"
 1410      20646F75 
 1410      626C6500 
 1411              	.LASF106:
 1412 06d4 63686172 		.ascii	"char\000"
 1412      00
 1413              	.LASF134:
 1414 06d9 636F756E 		.ascii	"countInput\000"
 1414      74496E70 
 1414      757400
 1415              	.LASF37:
 1416 06e4 70726F74 		.ascii	"protVersion\000"
 1416      56657273 
 1416      696F6E00 
 1417              	.LASF100:
 1418 06f0 63707573 		.ascii	"cpussRam0Ctl0\000"
 1418      7352616D 
 1418      3043746C 
 1418      3000
 1419              	.LASF5:
 1420 06fe 5F5F7569 		.ascii	"__uint16_t\000"
 1420      6E743136 
 1420      5F7400
 1421              	.LASF81:
 1422 0709 70657269 		.ascii	"periDiv16CtlOffset\000"
 1422      44697631 
 1422      3643746C 
 1422      4F666673 
 1422      657400
 1423              	.LASF34:
 1424 071c 6873696F 		.ascii	"hsiomVersion\000"
 1424      6D566572 
 1424      73696F6E 
 1424      00
 1425              	.LASF121:
 1426 0729 696E7465 		.ascii	"interruptSources\000"
 1426      72727570 
 1426      74536F75 
 1426      72636573 
 1426      00
 1427              	.LASF128:
 1428 073a 72656C6F 		.ascii	"reloadInput\000"
 1428      6164496E 
 1428      70757400 
 1429              	.LASF6:
 1430 0746 73686F72 		.ascii	"short unsigned int\000"
 1430      7420756E 
 1430      7369676E 
 1430      65642069 
 1430      6E7400
 1431              	.LASF67:
 1432 0759 64774368 		.ascii	"dwChSize\000"
 1432      53697A65 
ARM GAS  C:\Users\PC\AppData\Local\Temp\ccUPNCkH.s 			page 35


 1432      00
 1433              	.LASF103:
 1434 0762 69706353 		.ascii	"ipcStructSize\000"
 1434      74727563 
 1434      7453697A 
 1434      6500
 1435              	.LASF129:
 1436 0770 73746172 		.ascii	"startInputMode\000"
 1436      74496E70 
 1436      75744D6F 
 1436      646500
 1437              	.LASF42:
 1438 077f 63707573 		.ascii	"cpussIpc0Irq\000"
 1438      73497063 
 1438      30497271 
 1438      00
 1439              	.LASF115:
 1440 078c 70657269 		.ascii	"period0\000"
 1440      6F643000 
 1441              	.LASF116:
 1442 0794 70657269 		.ascii	"period1\000"
 1442      6F643100 
 1443              	.LASF119:
 1444 079c 636F6D70 		.ascii	"compare1\000"
 1444      61726531 
 1444      00
 1445              	.LASF89:
 1446 07a5 63707573 		.ascii	"cpussCm0ClockCtlOffset\000"
 1446      73436D30 
 1446      436C6F63 
 1446      6B43746C 
 1446      4F666673 
 1447              	.LASF85:
 1448 07bc 6770696F 		.ascii	"gpioPrtCfgOffset\000"
 1448      50727443 
 1448      66674F66 
 1448      66736574 
 1448      00
 1449              	.LASF44:
 1450 07cd 63707573 		.ascii	"cpussNotConnectedIrq\000"
 1450      734E6F74 
 1450      436F6E6E 
 1450      65637465 
 1450      64497271 
 1451              	.LASF123:
 1452 07e2 696E7665 		.ascii	"invertPWMOutN\000"
 1452      72745057 
 1452      4D4F7574 
 1452      4E00
 1453              	.LASF58:
 1454 07f0 666C6173 		.ascii	"flashWriteDelay\000"
 1454      68577269 
 1454      74654465 
 1454      6C617900 
 1455              	.LASF13:
 1456 0800 75696E74 		.ascii	"uint8_t\000"
 1456      385F7400 
ARM GAS  C:\Users\PC\AppData\Local\Temp\ccUPNCkH.s 			page 36


 1457              	.LASF138:
 1458 0808 50574D5F 		.ascii	"PWM_2_config\000"
 1458      325F636F 
 1458      6E666967 
 1458      00
 1459              	.LASF91:
 1460 0815 63707573 		.ascii	"cpussCm4StatusOffset\000"
 1460      73436D34 
 1460      53746174 
 1460      75734F66 
 1460      66736574 
 1461              	.LASF84:
 1462 082a 6770696F 		.ascii	"gpioPrtIntrCfgOffset\000"
 1462      50727449 
 1462      6E747243 
 1462      66674F66 
 1462      66736574 
 1463              	.LASF135:
 1464 083f 63795F73 		.ascii	"cy_stc_tcpwm_pwm_config_t\000"
 1464      74635F74 
 1464      6370776D 
 1464      5F70776D 
 1464      5F636F6E 
 1465              	.LASF127:
 1466 0859 72656C6F 		.ascii	"reloadInputMode\000"
 1466      6164496E 
 1466      7075744D 
 1466      6F646500 
 1467              	.LASF95:
 1468 0869 63707573 		.ascii	"cpussTrimRomCtlOffset\000"
 1468      73547269 
 1468      6D526F6D 
 1468      43746C4F 
 1468      66667365 
 1469              	.LASF133:
 1470 087f 636F756E 		.ascii	"countInputMode\000"
 1470      74496E70 
 1470      75744D6F 
 1470      646500
 1471              	.LASF31:
 1472 088e 64775665 		.ascii	"dwVersion\000"
 1472      7273696F 
 1472      6E00
 1473              	.LASF27:
 1474 0898 69706342 		.ascii	"ipcBase\000"
 1474      61736500 
 1475              	.LASF78:
 1476 08a0 70657269 		.ascii	"periDivCmdPaDivSelPos\000"
 1476      44697643 
 1476      6D645061 
 1476      44697653 
 1476      656C506F 
 1477              	.LASF59:
 1478 08b6 666C6173 		.ascii	"flashProgramDelay\000"
 1478      6850726F 
 1478      6772616D 
 1478      44656C61 
ARM GAS  C:\Users\PC\AppData\Local\Temp\ccUPNCkH.s 			page 37


 1478      7900
 1479              	.LASF56:
 1480 08c8 666C6173 		.ascii	"flashRwwRequired\000"
 1480      68527777 
 1480      52657175 
 1480      69726564 
 1480      00
 1481              		.ident	"GCC: (GNU Tools for ARM Embedded Processors) 5.4.1 20160609 (release) [ARM/embedded-5-bran
